SF:lib/domain/entities/routine.dart
DA:7,7
DA:18,8
DA:19,4
DA:20,4
DA:23,4
DA:24,4
DA:26,2
DA:27,4
DA:28,2
DA:34,8
DA:64,14
DA:65,14
DA:66,14
DA:67,14
DA:69,4
DA:70,4
DA:71,4
DA:72,4
DA:73,12
DA:74,2
DA:75,0
DA:76,3
DA:77,2
DA:78,2
DA:79,2
DA:80,2
DA:82,3
DA:85,2
DA:87,2
DA:88,2
DA:89,2
DA:90,2
DA:96,2
DA:97,2
DA:98,2
DA:99,2
DA:100,2
DA:101,2
DA:102,2
DA:103,2
DA:104,2
DA:105,1
DA:106,2
DA:108,1
DA:115,2
DA:120,2
DA:129,2
DA:130,2
DA:131,2
DA:132,2
DA:133,1
DA:135,2
DA:136,2
DA:137,2
DA:144,6
DA:145,3
DA:146,6
DA:147,6
DA:148,18
DA:149,3
DA:150,2
DA:151,4
DA:152,2
DA:153,2
DA:154,2
DA:155,2
DA:160,3
DA:161,6
DA:166,1
DA:169,1
DA:173,1
DA:176,1
DA:177,1
DA:178,1
DA:179,2
DA:182,2
DA:185,2
DA:189,1
DA:190,1
DA:191,1
DA:192,1
DA:198,1
DA:202,3
DA:203,1
DA:205,1
DA:215,2
DA:216,2
DA:217,2
DA:218,2
DA:219,2
DA:221,2
DA:222,10
LF:92
LH:91
end_of_record
SF:lib/domain/entities/training_day.dart
DA:5,9
DA:10,20
DA:12,6
DA:14,2
DA:15,2
DA:16,2
DA:17,2
DA:18,4
DA:19,4
DA:20,4
DA:25,2
DA:26,2
DA:27,2
DA:28,2
DA:29,2
DA:31,2
DA:32,10
LF:17
LH:17
end_of_record
SF:lib/domain/entities/user_profile.dart
DA:5,6
DA:42,10
DA:43,5
DA:44,5
DA:45,5
DA:46,5
DA:47,5
DA:48,5
DA:49,5
DA:50,5
DA:51,5
DA:52,5
DA:53,5
DA:54,5
DA:55,5
DA:56,5
DA:60,6
DA:61,3
DA:62,3
DA:63,6
DA:64,6
DA:65,3
DA:66,5
DA:67,5
DA:68,5
DA:69,5
DA:70,5
DA:71,5
DA:72,3
DA:73,6
DA:74,3
DA:78,15
DA:81,3
DA:82,6
LF:34
LH:34
end_of_record
SF:lib/domain/ports/auth_port.dart
DA:3,7
DA:15,1
DA:23,0
DA:24,0
LF:4
LH:2
end_of_record
SF:lib/domain/entities/workout_session.dart
DA:5,9
DA:21,10
DA:22,10
DA:23,10
DA:24,5
DA:25,2
DA:28,4
DA:29,2
DA:30,4
DA:31,2
DA:34,3
DA:40,3
DA:41,2
DA:42,3
DA:45,1
DA:51,6
DA:70,10
DA:71,5
DA:72,25
DA:73,5
DA:74,5
DA:77,2
DA:78,2
DA:79,2
DA:80,2
DA:81,2
DA:82,2
DA:83,2
DA:84,2
DA:85,2
DA:88,3
DA:94,3
DA:95,3
DA:96,3
DA:97,2
DA:98,2
DA:102,6
DA:104,6
DA:110,15
DA:141,10
DA:142,5
DA:143,5
DA:144,5
DA:145,45
DA:146,8
DA:147,6
DA:148,25
DA:151,2
DA:152,4
DA:153,2
DA:154,2
DA:155,2
DA:156,2
DA:157,2
DA:158,4
DA:159,4
DA:160,4
DA:162,2
DA:163,2
DA:165,2
DA:166,2
DA:168,2
DA:169,2
DA:170,2
DA:171,2
DA:175,3
DA:186,3
DA:187,3
DA:188,3
DA:189,3
DA:190,3
DA:191,3
DA:192,2
DA:193,1
DA:196,15
DA:198,2
DA:199,2
DA:200,2
DA:201,2
DA:202,2
DA:204,5
DA:205,25
LF:82
LH:82
end_of_record
SF:lib/domain/entities/mobility_session.dart
DA:5,5
DA:19,4
DA:20,2
DA:21,2
DA:22,18
DA:23,4
DA:24,4
DA:27,2
DA:28,4
DA:29,2
DA:30,2
DA:31,2
DA:32,2
DA:33,4
DA:34,4
DA:35,4
DA:37,2
DA:38,4
DA:40,2
DA:41,4
DA:46,6
DA:48,2
DA:49,2
DA:50,2
DA:51,2
DA:52,2
DA:54,2
DA:55,10
LF:28
LH:28
end_of_record
SF:lib/domain/entities/hiit_session.dart
DA:5,8
DA:19,4
DA:20,2
DA:21,2
DA:22,18
DA:23,4
DA:24,4
DA:27,2
DA:28,4
DA:29,2
DA:30,2
DA:31,2
DA:32,2
DA:33,4
DA:34,4
DA:35,4
DA:37,2
DA:38,4
DA:40,2
DA:41,4
DA:46,6
DA:48,2
DA:49,2
DA:50,2
DA:51,2
DA:52,2
DA:54,2
DA:55,10
LF:28
LH:28
end_of_record
SF:lib/l10n/app_localizations.dart
DA:65,48
DA:66,96
DA:70,47
DA:71,47
DA:1664,4
DA:1666,48
DA:1668,96
DA:1671,48
DA:1673,144
DA:1675,0
DA:1679,48
DA:1681,48
DA:1682,48
DA:1683,4
DA:1684,48
DA:1685,48
DA:1688,0
LF:17
LH:15
end_of_record
SF:lib/presentation/theme/app_theme.dart
DA:39,88
LF:1
LH:1
end_of_record
SF:lib/presentation/screens/workout/day_picker_screen.dart
DA:9,1
DA:20,1
DA:21,1
DA:27,1
DA:29,1
DA:30,2
DA:31,1
DA:33,1
DA:34,3
DA:35,1
DA:36,1
DA:38,1
DA:40,1
DA:41,3
DA:50,1
DA:51,1
DA:53,4
DA:54,1
DA:55,4
DA:56,2
DA:59,3
DA:60,1
DA:61,3
DA:62,0
DA:64,1
DA:65,1
DA:67,1
DA:69,1
DA:70,1
DA:75,1
DA:76,1
DA:77,4
DA:78,1
DA:80,1
DA:82,1
DA:83,1
DA:84,3
DA:92,1
DA:96,3
DA:97,1
DA:102,1
DA:105,1
DA:106,4
DA:120,1
DA:121,1
DA:123,1
DA:126,1
DA:127,1
DA:128,5
DA:130,2
LF:50
LH:49
end_of_record
SF:lib/domain/entities/hiit_config.dart
DA:5,3
DA:38,2
DA:39,1
DA:40,1
DA:41,1
DA:42,1
DA:45,2
DA:46,1
DA:47,1
DA:48,1
DA:49,1
DA:53,2
DA:59,2
DA:60,0
DA:61,0
DA:62,2
DA:63,2
DA:66,1
DA:69,1
DA:70,3
DA:71,3
DA:72,3
DA:73,3
DA:75,1
DA:77,5
DA:79,1
DA:81,5
LF:27
LH:25
end_of_record
SF:lib/l10n/app_localizations_en.dart
DA:9,8
DA:11,0
DA:14,0
DA:17,0
DA:20,0
DA:23,1
DA:26,0
DA:29,0
DA:32,0
DA:35,0
DA:38,0
DA:40,0
DA:43,0
DA:46,0
DA:49,0
DA:51,0
DA:54,0
DA:57,0
DA:60,0
DA:63,0
DA:66,0
DA:69,0
DA:72,0
DA:75,0
DA:78,0
DA:81,0
DA:84,0
DA:87,0
DA:90,0
DA:93,0
DA:96,0
DA:99,0
DA:102,0
DA:105,0
DA:108,0
DA:111,1
DA:114,1
DA:117,1
DA:120,1
DA:123,0
DA:126,0
DA:129,0
DA:132,0
DA:135,0
DA:138,0
DA:141,0
DA:143,0
DA:146,0
DA:149,0
DA:152,0
DA:155,0
DA:157,0
DA:160,0
DA:163,0
DA:166,0
DA:169,0
DA:172,0
DA:175,0
DA:178,0
DA:181,0
DA:184,0
DA:187,0
DA:190,0
DA:193,0
DA:196,0
DA:199,0
DA:202,0
DA:205,0
DA:208,0
DA:211,0
DA:214,0
DA:217,0
DA:220,0
DA:223,0
DA:226,0
DA:229,0
DA:232,0
DA:235,0
DA:237,0
DA:240,0
DA:243,0
DA:246,0
DA:249,0
DA:252,0
DA:255,0
DA:257,0
DA:260,0
DA:263,0
DA:266,0
DA:269,0
DA:272,0
DA:275,0
DA:278,0
DA:281,0
DA:284,0
DA:287,0
DA:290,0
DA:293,0
DA:296,0
DA:299,0
DA:302,0
DA:305,0
DA:308,0
DA:311,0
DA:314,0
DA:317,0
DA:320,0
DA:323,0
DA:326,0
DA:329,0
DA:332,0
DA:335,0
DA:338,0
DA:341,0
DA:344,0
DA:347,0
DA:350,0
DA:353,0
DA:356,0
DA:359,0
DA:362,0
DA:365,0
DA:368,0
DA:371,0
DA:374,0
DA:377,0
DA:380,0
DA:383,0
DA:386,0
DA:389,0
DA:392,0
DA:395,0
DA:398,0
DA:400,0
DA:403,0
DA:405,0
DA:408,0
DA:411,0
DA:414,0
DA:417,0
DA:420,0
DA:423,0
DA:426,0
DA:430,0
DA:433,0
DA:436,0
DA:439,0
DA:442,0
DA:445,0
DA:448,0
DA:451,0
DA:453,0
DA:456,0
DA:458,0
DA:461,0
DA:464,0
DA:467,0
DA:470,0
DA:473,0
DA:476,0
DA:479,0
DA:481,0
DA:484,0
DA:486,0
DA:489,0
DA:491,0
DA:494,0
DA:496,0
DA:499,0
DA:502,0
DA:505,0
DA:508,0
DA:510,0
DA:513,0
DA:515,0
DA:518,0
DA:521,0
DA:524,0
DA:527,0
DA:530,0
DA:533,0
DA:536,0
DA:538,0
DA:541,0
DA:544,0
DA:547,0
DA:550,0
DA:553,0
DA:556,0
DA:558,0
DA:561,0
DA:564,0
DA:567,0
DA:569,0
DA:572,0
DA:575,0
DA:578,0
DA:581,0
DA:584,0
DA:587,0
DA:590,0
DA:593,0
DA:596,0
DA:599,0
DA:602,0
DA:605,0
DA:608,0
DA:611,0
DA:614,0
DA:617,0
DA:620,0
DA:623,0
DA:626,0
DA:629,0
DA:632,0
DA:635,0
DA:638,0
DA:641,0
DA:644,0
DA:647,0
DA:650,0
DA:653,0
DA:656,0
DA:659,0
DA:662,0
DA:665,0
DA:668,0
DA:671,0
DA:674,0
DA:677,0
DA:680,0
DA:683,0
DA:686,0
DA:688,0
DA:691,0
DA:694,0
DA:697,0
DA:700,0
DA:703,0
DA:706,0
DA:709,0
DA:712,0
DA:715,0
DA:718,0
DA:721,0
DA:724,0
DA:726,0
DA:729,0
DA:732,0
DA:734,0
DA:737,0
DA:740,0
DA:742,0
DA:745,1
DA:748,1
DA:751,1
DA:754,1
DA:757,1
DA:760,1
DA:763,1
DA:766,1
DA:769,1
DA:772,1
DA:775,1
DA:778,1
DA:781,1
DA:784,0
DA:787,0
DA:790,0
DA:793,0
DA:796,0
DA:799,0
DA:802,0
DA:805,0
DA:808,0
DA:811,0
DA:814,0
DA:817,0
DA:820,0
DA:823,1
DA:826,1
DA:829,0
DA:832,0
DA:835,0
LF:284
LH:21
end_of_record
SF:lib/l10n/app_localizations_es.dart
DA:9,96
DA:11,2
DA:14,6
DA:17,2
DA:20,1
DA:23,6
DA:26,3
DA:29,2
DA:32,2
DA:35,1
DA:38,1
DA:40,1
DA:43,1
DA:46,0
DA:49,2
DA:51,2
DA:54,8
DA:57,3
DA:60,2
DA:63,2
DA:66,2
DA:69,2
DA:72,2
DA:75,2
DA:78,1
DA:81,1
DA:84,1
DA:87,0
DA:90,1
DA:93,1
DA:97,0
DA:100,1
DA:103,2
DA:106,2
DA:109,2
DA:112,11
DA:115,11
DA:118,11
DA:121,3
DA:124,0
DA:127,0
DA:130,7
DA:133,7
DA:136,0
DA:139,0
DA:142,0
DA:144,0
DA:147,0
DA:150,0
DA:153,2
DA:156,2
DA:158,2
DA:161,6
DA:164,0
DA:167,0
DA:170,2
DA:173,2
DA:176,2
DA:179,4
DA:182,4
DA:185,5
DA:188,6
DA:191,5
DA:194,6
DA:197,5
DA:200,5
DA:203,1
DA:206,1
DA:209,1
DA:212,1
DA:215,1
DA:218,0
DA:221,1
DA:224,1
DA:227,1
DA:230,0
DA:233,0
DA:236,0
DA:238,0
DA:241,1
DA:244,1
DA:247,1
DA:250,0
DA:253,0
DA:256,0
DA:258,0
DA:261,0
DA:264,0
DA:267,0
DA:270,1
DA:273,0
DA:276,0
DA:279,0
DA:282,0
DA:285,0
DA:288,0
DA:291,0
DA:294,0
DA:297,0
DA:300,0
DA:303,0
DA:306,0
DA:309,0
DA:312,0
DA:316,0
DA:320,0
DA:323,0
DA:326,0
DA:329,0
DA:332,0
DA:335,0
DA:338,0
DA:341,0
DA:344,0
DA:347,0
DA:350,0
DA:353,0
DA:356,0
DA:359,0
DA:362,0
DA:365,0
DA:368,0
DA:371,0
DA:374,0
DA:377,0
DA:380,0
DA:383,0
DA:386,0
DA:389,0
DA:392,0
DA:395,0
DA:398,1
DA:401,0
DA:403,0
DA:406,0
DA:408,0
DA:411,0
DA:414,1
DA:417,1
DA:420,0
DA:423,4
DA:426,2
DA:429,1
DA:433,5
DA:436,3
DA:439,3
DA:442,3
DA:445,3
DA:448,4
DA:451,0
DA:454,0
DA:456,0
DA:459,1
DA:461,1
DA:464,1
DA:467,0
DA:470,1
DA:473,2
DA:476,2
DA:479,0
DA:482,3
DA:484,3
DA:487,0
DA:489,0
DA:492,2
DA:494,2
DA:497,3
DA:499,3
DA:502,0
DA:505,0
DA:508,3
DA:511,5
DA:513,5
DA:516,6
DA:518,6
DA:521,4
DA:524,5
DA:527,5
DA:530,0
DA:533,2
DA:536,0
DA:539,8
DA:541,8
DA:544,2
DA:547,4
DA:550,2
DA:553,2
DA:556,2
DA:559,6
DA:561,6
DA:564,6
DA:567,0
DA:570,0
DA:572,0
DA:575,5
DA:578,4
DA:581,3
DA:584,5
DA:587,3
DA:590,3
DA:593,3
DA:596,0
DA:599,1
DA:602,5
DA:605,0
DA:608,0
DA:611,0
DA:614,0
DA:617,3
DA:620,3
DA:623,3
DA:626,3
DA:629,3
DA:632,3
DA:635,3
DA:638,3
DA:641,3
DA:644,3
DA:647,3
DA:650,1
DA:653,3
DA:656,3
DA:659,3
DA:662,3
DA:665,3
DA:668,3
DA:671,2
DA:674,1
DA:677,1
DA:680,2
DA:683,0
DA:686,0
DA:689,2
DA:691,2
DA:694,2
DA:697,2
DA:700,2
DA:703,2
DA:706,0
DA:709,3
DA:712,2
DA:715,0
DA:718,1
DA:721,2
DA:724,1
DA:727,0
DA:729,0
DA:732,6
DA:735,4
DA:737,4
DA:740,0
DA:743,4
DA:745,4
DA:748,4
DA:751,4
DA:754,3
DA:757,4
DA:760,4
DA:763,3
DA:766,4
DA:769,4
DA:772,4
DA:775,3
DA:778,4
DA:781,3
DA:784,3
DA:787,3
DA:790,3
DA:793,3
DA:796,3
DA:799,3
DA:802,3
DA:805,3
DA:808,3
DA:811,3
DA:814,3
DA:817,3
DA:820,3
DA:823,1
DA:826,2
DA:829,2
DA:833,1
DA:836,1
DA:840,0
LF:284
LH:185
end_of_record
SF:lib/presentation/components/export_sheet.dart
DA:11,3
DA:16,3
DA:18,3
DA:23,6
DA:24,3
DA:26,3
DA:28,3
DA:29,3
DA:31,6
DA:32,1
DA:33,2
DA:34,2
DA:35,2
DA:36,3
DA:40,3
DA:42,6
DA:43,0
DA:44,0
DA:45,0
DA:46,0
DA:51,3
DA:53,6
DA:54,2
DA:55,4
DA:56,2
LF:25
LH:21
end_of_record
SF:lib/domain/entities/exercise.dart
DA:3,11
DA:22,22
DA:23,11
DA:24,11
DA:25,11
DA:26,22
DA:27,11
DA:28,11
DA:30,11
DA:32,33
DA:38,7
DA:39,14
DA:40,21
LF:13
LH:13
end_of_record
SF:lib/domain/entities/muscle_group.dart
DA:96,11
DA:97,11
DA:101,6
DA:105,6
DA:108,12
DA:109,12
DA:112,36
DA:114,5
DA:115,5
DA:116,10
DA:121,4
DA:122,14
DA:123,12
DA:124,4
DA:130,11
DA:132,15
DA:133,9
DA:135,15
DA:136,9
DA:138,7
DA:140,25
DA:141,20
DA:144,6
LF:23
LH:23
end_of_record
SF:lib/presentation/components/routine_type_helper.dart
DA:7,6
DA:9,6
DA:10,6
DA:11,6
DA:12,5
DA:13,6
DA:14,6
DA:15,5
DA:16,5
DA:23,13
DA:25,13
DA:27,7
DA:29,7
DA:31,6
LF:14
LH:14
end_of_record
SF:lib/data/datasources/asset_data_loader.dart
DA:16,11
DA:17,11
DA:20,22
DA:21,11
DA:22,33
DA:26,1
DA:28,1
DA:31,2
DA:32,1
DA:34,1
DA:35,1
DA:36,1
DA:40,1
DA:41,2
DA:42,1
DA:44,0
DA:45,0
DA:51,0
DA:53,0
DA:54,0
DA:56,0
DA:57,0
DA:58,0
DA:60,0
LF:24
LH:15
end_of_record
SF:lib/domain/entities/hiit_exercise.dart
DA:3,2
DA:14,4
DA:15,2
DA:16,2
DA:17,2
LF:5
LH:5
end_of_record
SF:lib/domain/entities/mobility_exercise_info.dart
DA:3,1
DA:22,1
DA:23,1
DA:24,2
DA:25,2
DA:26,2
DA:27,2
LF:7
LH:7
end_of_record
SF:lib/domain/entities/mobility_routine.dart
DA:3,1
DA:19,5
DA:21,1
DA:22,1
DA:23,1
DA:24,1
DA:25,1
DA:31,1
DA:44,6
DA:46,1
DA:47,1
DA:48,1
DA:49,1
DA:50,1
DA:51,1
DA:52,1
DA:53,1
DA:54,1
LF:18
LH:18
end_of_record
SF:lib/domain/services/exercise_progress_calculator.dart
DA:19,4
DA:27,7
DA:51,12
DA:65,4
DA:78,4
DA:89,0
DA:93,4
DA:102,3
DA:103,20
DA:105,8
DA:106,8
DA:107,8
DA:108,8
DA:109,8
DA:111,4
DA:112,8
DA:114,20
DA:115,4
DA:118,28
DA:119,8
DA:120,16
DA:123,4
DA:125,4
DA:126,12
DA:128,8
DA:129,4
DA:130,4
DA:131,3
DA:132,6
DA:133,8
DA:136,12
DA:138,4
DA:140,8
DA:141,8
DA:142,4
DA:143,4
DA:149,4
DA:159,8
DA:160,8
DA:161,8
DA:164,8
DA:165,8
DA:166,8
DA:167,8
DA:168,8
DA:169,4
DA:170,4
DA:171,4
DA:177,4
DA:178,4
DA:183,4
DA:190,8
DA:191,8
DA:192,8
DA:196,20
DA:198,4
DA:199,28
DA:202,16
DA:207,4
DA:214,16
DA:215,8
DA:216,8
DA:217,8
DA:221,28
DA:222,4
DA:223,8
DA:224,8
DA:225,8
DA:232,4
DA:233,8
DA:235,4
DA:236,28
DA:237,3
DA:238,15
DA:239,2
DA:240,10
LF:76
LH:75
end_of_record
SF:lib/domain/services/rest_time_calculator.dart
DA:5,1
DA:13,2
DA:14,1
LF:3
LH:3
end_of_record
SF:lib/domain/services/routine_pdf_export_service.dart
DA:14,2
DA:20,2
DA:21,2
DA:22,8
DA:25,2
DA:26,2
DA:27,4
DA:28,4
DA:29,2
DA:30,2
DA:33,2
DA:34,2
DA:35,8
DA:36,2
DA:37,2
DA:38,6
DA:39,6
DA:40,2
DA:42,2
DA:43,2
DA:45,1
DA:46,1
DA:47,1
DA:48,3
DA:50,2
DA:51,0
DA:52,0
DA:54,1
DA:55,2
DA:56,1
DA:57,2
DA:58,0
DA:59,1
DA:61,1
DA:62,1
DA:64,1
DA:65,4
DA:66,1
DA:67,2
DA:68,4
DA:69,4
DA:70,3
DA:71,0
DA:72,0
DA:76,2
DA:77,0
DA:79,0
DA:81,1
DA:88,2
DA:91,1
DA:97,1
DA:99,1
DA:100,1
DA:101,2
DA:102,2
DA:103,2
DA:104,1
DA:105,1
DA:106,3
DA:107,5
DA:108,1
DA:109,1
DA:110,3
DA:111,3
DA:112,3
DA:113,3
DA:114,1
DA:115,1
DA:117,0
DA:118,1
DA:119,4
DA:120,2
DA:121,0
DA:122,0
DA:129,1
DA:132,1
DA:138,1
DA:141,0
DA:142,1
DA:143,5
DA:144,1
DA:146,1
DA:147,1
DA:148,2
DA:149,2
DA:150,2
DA:151,1
DA:152,1
DA:153,1
DA:154,0
DA:156,3
DA:157,4
DA:159,1
DA:161,1
DA:162,2
DA:165,1
DA:166,1
DA:168,0
DA:169,1
DA:170,4
DA:171,2
DA:172,0
DA:173,0
DA:180,1
DA:183,4
DA:185,2
DA:191,2
DA:195,2
DA:197,2
DA:198,4
DA:199,6
DA:203,4
DA:205,2
DA:207,2
DA:214,2
DA:218,2
DA:220,2
DA:222,2
DA:223,2
DA:224,2
DA:225,2
DA:227,2
DA:228,0
DA:230,4
DA:235,2
DA:236,6
DA:237,6
DA:238,4
DA:241,2
DA:242,6
DA:243,6
DA:244,4
DA:247,0
DA:248,0
DA:249,0
DA:250,0
DA:251,0
DA:255,0
DA:256,0
DA:257,0
LF:140
LH:116
end_of_record
SF:lib/domain/services/workout_session_builder.dart
DA:10,0
DA:19,1
DA:29,2
DA:33,1
DA:34,6
DA:35,1
DA:36,5
DA:38,2
DA:41,3
DA:44,6
DA:45,1
DA:46,1
DA:48,2
DA:49,5
DA:50,1
DA:56,1
DA:57,1
DA:59,1
DA:61,1
DA:64,1
LF:20
LH:19
end_of_record
SF:lib/presentation/components/circular_timer_painter.dart
DA:7,3
DA:20,3
DA:22,15
DA:23,12
DA:25,3
DA:26,6
DA:27,3
DA:28,6
DA:29,3
DA:30,3
DA:32,3
DA:33,6
DA:34,3
DA:35,6
DA:36,3
DA:37,9
DA:38,3
DA:39,3
DA:40,6
DA:47,3
DA:49,18
LF:21
LH:21
end_of_record
SF:lib/presentation/components/delete_routine_dialog.dart
DA:7,0
DA:11,0
DA:13,0
DA:15,0
DA:16,0
DA:17,0
DA:18,0
DA:19,0
DA:20,0
DA:21,0
DA:23,0
DA:24,0
DA:25,0
DA:26,0
LF:14
LH:0
end_of_record
SF:lib/presentation/components/language_selector.dart
DA:10,12
DA:17,12
DA:19,12
DA:21,12
DA:23,24
DA:24,2
DA:25,4
DA:28,4
DA:36,1
DA:41,1
DA:42,2
DA:43,1
DA:46,4
LF:13
LH:13
end_of_record
SF:lib/presentation/components/mobility_exercise_detail_sheet.dart
DA:8,0
DA:13,0
DA:20,0
DA:28,0
DA:36,0
DA:38,0
DA:39,0
DA:40,0
DA:41,0
DA:42,0
DA:43,0
DA:44,0
DA:45,0
DA:47,0
DA:52,0
DA:54,0
DA:56,0
DA:60,0
DA:61,0
DA:64,0
DA:66,0
DA:73,0
DA:84,0
DA:85,0
DA:91,0
DA:92,0
DA:94,0
DA:95,0
DA:97,0
DA:101,0
DA:102,0
DA:104,0
DA:105,0
DA:109,0
DA:110,0
DA:112,0
DA:113,0
DA:117,0
DA:118,0
DA:120,0
DA:123,0
DA:124,0
DA:125,0
DA:128,0
DA:133,0
DA:142,0
DA:146,0
DA:148,0
DA:149,0
DA:160,0
DA:165,0
DA:167,0
DA:169,0
DA:171,0
DA:172,0
DA:174,0
DA:175,0
DA:183,0
DA:184,0
DA:185,0
DA:196,0
DA:200,0
DA:202,0
DA:204,0
DA:206,0
DA:218,0
DA:219,0
DA:220,0
LF:68
LH:0
end_of_record
SF:lib/presentation/components/mobility_exercise_tile.dart
DA:10,3
DA:11,0
DA:12,0
DA:13,0
DA:14,0
DA:15,0
DA:16,0
DA:17,0
DA:18,0
DA:19,0
DA:20,0
DA:21,0
DA:22,0
DA:23,0
DA:24,0
DA:26,0
DA:27,0
DA:28,0
DA:29,0
DA:30,0
DA:31,0
DA:32,0
DA:33,0
DA:34,0
DA:36,0
DA:37,0
DA:38,0
DA:39,0
DA:40,0
DA:41,0
DA:42,0
DA:43,0
DA:45,0
DA:46,0
DA:47,0
DA:48,0
DA:49,0
DA:50,0
DA:54,1
DA:55,2
DA:56,1
DA:72,1
DA:89,1
DA:91,4
DA:92,2
DA:93,2
DA:94,5
DA:95,2
DA:96,2
DA:97,4
DA:99,1
DA:100,1
DA:101,0
DA:102,1
DA:103,1
DA:107,0
DA:113,0
DA:115,0
DA:116,0
DA:117,0
DA:118,0
DA:119,0
DA:121,0
DA:122,0
DA:123,0
DA:125,0
DA:126,0
DA:127,0
DA:136,0
DA:137,0
DA:139,0
DA:140,0
DA:146,0
DA:154,0
DA:157,0
DA:158,0
DA:159,0
DA:161,0
DA:177,1
DA:178,1
DA:180,1
DA:181,1
DA:184,1
DA:185,3
DA:192,1
DA:193,1
DA:197,1
LF:87
LH:26
end_of_record
SF:lib/presentation/components/pdf_share_helper.dart
DA:8,1
DA:13,1
DA:15,0
DA:16,0
DA:18,0
DA:19,0
DA:21,0
DA:22,0
DA:23,0
LF:9
LH:2
end_of_record
SF:lib/presentation/components/selectable_option_card.dart
DA:5,5
DA:21,5
DA:32,5
DA:34,5
DA:35,10
DA:36,5
DA:37,10
DA:38,10
DA:39,5
DA:40,5
DA:41,5
DA:42,5
DA:43,5
DA:44,5
DA:45,5
DA:47,5
DA:48,15
DA:50,5
DA:51,10
DA:52,15
DA:58,10
DA:59,5
DA:63,5
DA:64,5
DA:67,5
DA:69,5
DA:71,5
DA:72,5
DA:90,1
DA:101,1
DA:103,1
DA:104,2
DA:105,1
DA:106,2
DA:107,1
DA:108,3
DA:109,3
DA:110,2
DA:112,1
DA:113,1
DA:116,1
LF:41
LH:41
end_of_record
SF:lib/presentation/components/time_wheel_picker.dart
DA:8,3
DA:27,3
DA:28,3
DA:37,3
DA:39,3
DA:40,6
DA:41,6
DA:42,9
DA:46,2
DA:48,2
DA:49,8
DA:50,8
DA:51,8
DA:52,0
DA:54,6
DA:55,6
DA:56,0
DA:57,0
DA:58,0
DA:64,3
DA:65,3
DA:66,6
DA:67,9
DA:68,9
DA:69,3
DA:74,3
DA:75,6
DA:77,12
DA:78,12
DA:79,12
DA:80,3
DA:89,3
DA:90,6
DA:91,3
DA:92,3
DA:93,3
DA:94,9
DA:97,3
DA:99,6
DA:100,3
DA:103,3
DA:105,3
DA:106,6
DA:107,6
DA:108,3
DA:109,3
DA:120,3
DA:123,3
DA:124,3
DA:126,3
DA:127,3
DA:128,3
DA:129,3
DA:130,3
DA:131,3
DA:132,3
DA:137,3
DA:138,3
DA:143,0
DA:144,0
DA:146,3
DA:147,3
DA:148,12
DA:149,3
DA:150,3
DA:151,9
DA:160,6
LF:67
LH:61
end_of_record
SF:lib/presentation/screens/auth/auth_screen.dart
DA:9,2
DA:20,2
DA:21,2
DA:33,2
DA:35,4
DA:36,4
DA:37,2
DA:40,2
DA:41,6
DA:43,6
DA:47,2
DA:48,0
DA:49,0
DA:50,0
DA:53,6
DA:54,6
DA:55,4
DA:58,2
DA:59,1
DA:60,1
DA:61,3
DA:62,2
DA:64,0
DA:65,0
DA:66,0
DA:70,1
DA:71,3
DA:74,3
DA:75,1
DA:76,0
DA:77,0
DA:78,0
DA:79,0
DA:80,0
DA:82,0
DA:83,0
DA:84,0
DA:88,2
DA:89,8
DA:91,2
DA:92,4
DA:93,6
DA:94,6
DA:98,4
DA:99,2
DA:101,2
DA:102,6
DA:103,6
DA:104,8
DA:107,1
DA:108,2
DA:110,3
DA:111,1
DA:112,1
DA:113,1
DA:114,1
DA:115,1
DA:117,3
DA:118,2
DA:122,2
DA:124,2
DA:126,2
DA:127,2
DA:128,2
DA:129,2
DA:131,2
DA:132,2
DA:133,2
DA:135,2
DA:139,2
DA:140,2
DA:149,2
DA:150,2
DA:153,2
DA:154,2
DA:158,2
DA:159,4
DA:160,1
DA:162,4
DA:163,1
DA:171,2
DA:172,2
DA:173,2
DA:175,0
DA:176,2
DA:177,2
DA:180,2
DA:181,2
DA:182,2
DA:186,2
DA:187,3
DA:190,2
DA:191,2
DA:192,1
DA:194,4
DA:195,1
DA:203,2
DA:206,2
DA:207,4
DA:208,2
DA:209,2
DA:210,2
DA:213,2
DA:219,2
DA:220,5
DA:228,2
DA:229,2
DA:231,5
DA:232,2
DA:233,5
DA:239,2
DA:240,2
DA:242,2
DA:244,4
DA:253,2
DA:256,2
DA:257,4
DA:259,4
DA:260,2
DA:261,2
DA:262,2
LF:121
LH:106
end_of_record
SF:lib/presentation/screens/hiit/hiit_config_screen.dart
DA:9,2
DA:37,2
DA:38,2
DA:48,2
DA:50,2
DA:51,8
DA:52,6
DA:53,6
DA:54,6
DA:55,6
DA:58,2
DA:60,4
DA:61,2
DA:65,2
DA:66,4
DA:67,4
DA:68,6
DA:69,8
DA:70,8
DA:73,2
DA:74,2
DA:76,2
DA:78,2
DA:79,8
DA:81,2
DA:82,2
DA:83,4
DA:84,2
DA:86,4
DA:89,2
DA:91,2
DA:93,2
DA:94,2
DA:95,2
DA:96,2
DA:99,6
DA:104,2
DA:105,2
DA:106,4
DA:107,4
DA:108,4
DA:113,2
DA:114,2
DA:115,2
DA:118,0
DA:122,2
DA:123,2
DA:124,2
DA:127,0
DA:131,2
DA:132,2
DA:133,2
DA:136,0
DA:142,2
DA:143,2
DA:144,2
DA:146,2
DA:148,2
DA:149,4
DA:152,2
DA:153,4
DA:167,2
DA:170,2
DA:173,8
DA:174,6
DA:175,2
DA:176,2
DA:177,2
DA:178,2
DA:180,4
DA:188,2
DA:195,2
DA:197,2
DA:198,2
DA:199,2
DA:200,2
DA:205,2
DA:221,2
DA:233,2
DA:235,2
DA:237,2
DA:238,4
DA:240,2
DA:242,2
DA:243,2
DA:245,2
DA:246,2
DA:248,2
DA:250,2
DA:251,2
DA:257,2
DA:259,2
DA:260,2
LF:93
LH:90
end_of_record
SF:lib/presentation/utils/time_formatter.dart
DA:6,1
DA:7,1
DA:8,1
DA:9,1
DA:10,5
DA:16,5
DA:17,5
DA:18,5
DA:19,8
DA:20,4
LF:10
LH:10
end_of_record
SF:lib/presentation/screens/hiit/hiit_detail_screen.dart
DA:24,2
DA:42,2
DA:43,2
DA:60,2
DA:62,2
DA:63,6
DA:64,8
DA:65,2
DA:66,6
DA:67,2
DA:68,6
DA:69,2
DA:70,6
DA:73,2
DA:75,2
DA:76,2
DA:77,2
DA:78,2
DA:82,2
DA:84,4
DA:85,6
DA:87,0
DA:88,0
DA:90,2
DA:91,6
DA:93,0
DA:94,0
DA:98,2
DA:99,6
DA:100,8
DA:101,4
DA:103,10
DA:105,0
DA:107,2
DA:110,2
DA:111,4
DA:112,2
DA:113,4
DA:114,6
DA:115,8
DA:116,8
DA:119,2
DA:120,2
DA:122,0
DA:123,0
DA:124,0
DA:125,0
DA:128,0
DA:129,0
DA:131,0
DA:133,0
DA:134,0
DA:135,0
DA:137,0
DA:139,0
DA:140,0
DA:141,0
DA:143,0
DA:146,0
DA:148,0
DA:151,0
DA:152,0
DA:153,0
DA:158,0
DA:159,0
DA:160,0
DA:161,0
DA:162,0
DA:165,0
DA:166,0
DA:171,1
DA:172,3
DA:173,4
DA:174,0
DA:176,3
DA:177,1
DA:178,2
DA:179,1
DA:181,0
DA:182,0
DA:187,0
DA:190,0
DA:191,0
DA:192,0
DA:200,0
DA:201,0
DA:202,0
DA:203,0
DA:205,0
DA:206,0
DA:207,0
DA:211,0
DA:212,0
DA:213,0
DA:214,0
DA:217,0
DA:219,0
DA:220,0
DA:221,0
DA:222,0
DA:224,0
DA:225,0
DA:228,1
DA:229,2
DA:230,1
DA:231,1
DA:232,1
DA:233,1
DA:234,1
DA:235,1
DA:236,1
DA:238,1
DA:241,1
DA:242,2
DA:248,1
DA:249,1
DA:250,2
DA:251,2
DA:252,0
DA:253,0
DA:254,0
DA:257,2
DA:258,0
DA:259,0
DA:260,0
DA:267,1
DA:268,1
DA:269,1
DA:272,0
DA:273,0
DA:274,0
DA:279,1
DA:280,1
DA:281,1
DA:284,0
DA:285,0
DA:286,0
DA:291,1
DA:292,1
DA:293,1
DA:296,0
DA:297,0
DA:298,0
DA:311,0
DA:312,0
DA:313,0
DA:315,0
DA:316,0
DA:317,0
DA:319,0
DA:320,0
DA:321,0
DA:322,0
DA:323,0
DA:324,0
DA:330,0
DA:331,0
DA:335,2
DA:337,2
DA:339,2
DA:340,2
DA:341,6
DA:342,2
DA:343,2
DA:345,2
DA:346,2
DA:350,2
DA:352,2
DA:356,2
DA:357,2
DA:359,2
DA:360,2
DA:362,2
DA:364,2
DA:365,2
DA:368,2
DA:369,4
DA:376,2
DA:377,6
DA:383,2
DA:384,6
DA:392,2
DA:394,2
DA:396,2
DA:397,2
DA:399,8
DA:401,2
DA:403,8
DA:405,2
DA:407,8
DA:415,2
DA:417,2
DA:419,2
DA:420,2
DA:421,2
DA:422,10
DA:426,2
DA:428,2
DA:430,2
DA:437,2
DA:438,2
DA:440,2
DA:441,2
DA:442,2
DA:443,2
DA:445,2
DA:446,2
DA:447,2
DA:450,2
DA:451,2
DA:452,2
DA:455,2
DA:456,4
DA:464,2
DA:465,2
DA:467,2
DA:468,4
DA:472,6
DA:474,2
DA:475,2
DA:494,2
DA:495,2
DA:497,2
DA:499,2
DA:501,2
DA:502,2
DA:504,2
DA:506,2
DA:507,2
DA:509,4
DA:510,2
DA:511,2
DA:512,2
DA:519,2
DA:520,2
DA:522,2
DA:523,2
DA:525,4
DA:526,2
DA:527,2
DA:528,2
DA:538,2
DA:541,2
DA:543,4
DA:544,2
DA:547,2
DA:548,2
DA:551,2
DA:562,1
DA:569,1
DA:571,1
DA:572,1
DA:573,1
DA:574,1
DA:576,1
DA:592,1
DA:604,1
DA:606,1
DA:608,1
DA:609,2
DA:610,1
DA:612,1
DA:613,1
DA:615,1
DA:618,1
DA:620,2
DA:625,1
DA:627,1
LF:268
LH:182
end_of_record
SF:lib/presentation/screens/hiit/hiit_exercise_selection_screen.dart
DA:14,3
DA:27,3
DA:29,3
DA:36,3
DA:38,3
DA:39,12
DA:42,2
DA:43,4
DA:44,4
DA:45,0
DA:47,4
DA:52,3
DA:54,3
DA:55,9
DA:57,3
DA:58,3
DA:59,6
DA:60,3
DA:62,6
DA:65,3
DA:66,3
DA:69,1
DA:70,1
DA:72,1
DA:73,1
DA:82,3
DA:84,3
DA:86,3
DA:87,3
DA:88,3
DA:89,9
DA:91,3
DA:92,12
DA:100,3
DA:101,3
DA:103,9
DA:104,3
DA:105,9
DA:106,9
DA:108,3
DA:110,3
DA:112,3
DA:114,3
DA:115,3
DA:120,3
DA:121,3
DA:122,6
DA:123,3
DA:126,3
DA:127,3
DA:128,3
DA:137,3
DA:138,3
DA:140,3
DA:141,3
DA:142,3
DA:143,3
DA:151,3
DA:152,3
DA:174,3
DA:175,3
DA:177,3
DA:180,3
DA:181,6
DA:182,12
DA:184,6
LF:66
LH:65
end_of_record
SF:lib/presentation/screens/hiit/hiit_timer_screen.dart
DA:19,2
DA:43,2
DA:44,2
DA:75,2
DA:77,2
DA:78,6
DA:79,6
DA:80,6
DA:81,6
DA:82,4
DA:83,2
DA:84,6
DA:86,4
DA:87,6
DA:88,4
DA:93,2
DA:95,4
DA:96,4
DA:97,2
DA:100,10
DA:102,1
DA:103,2
DA:104,4
DA:105,3
DA:110,2
DA:111,6
DA:112,4
DA:113,6
DA:114,8
DA:115,8
DA:118,2
DA:119,2
DA:123,2
DA:124,4
DA:125,4
DA:126,2
DA:128,2
DA:131,2
DA:132,2
DA:133,2
DA:135,6
DA:136,4
DA:138,3
DA:139,5
DA:140,1
DA:141,4
DA:143,5
DA:144,1
DA:145,1
DA:148,2
DA:149,2
DA:150,1
DA:151,1
DA:152,1
DA:154,1
DA:159,1
DA:160,1
DA:161,1
DA:162,1
DA:163,1
DA:164,1
DA:165,1
DA:166,1
DA:167,0
DA:168,0
DA:174,1
DA:175,2
DA:176,1
DA:177,1
DA:178,1
DA:179,1
DA:181,2
DA:184,1
DA:186,6
DA:188,2
DA:189,2
DA:190,1
DA:191,1
DA:193,2
DA:195,0
DA:197,4
DA:199,0
DA:200,0
DA:201,0
DA:202,0
DA:204,0
DA:206,0
DA:210,1
DA:214,1
DA:215,2
DA:216,2
DA:217,1
DA:218,1
DA:220,2
DA:223,0
DA:224,0
DA:225,0
DA:226,0
DA:227,0
DA:228,0
DA:230,0
DA:233,1
DA:234,2
DA:235,2
DA:236,3
DA:238,1
DA:239,1
DA:240,2
DA:241,1
DA:242,1
DA:243,1
DA:246,3
DA:247,5
DA:252,0
DA:253,0
DA:255,0
DA:256,0
DA:258,0
DA:259,0
DA:260,0
DA:261,0
DA:262,0
DA:263,0
DA:264,0
DA:265,0
DA:266,0
DA:268,0
DA:269,0
DA:270,0
DA:271,0
DA:277,0
DA:278,0
DA:279,0
DA:280,0
DA:281,0
DA:283,0
DA:289,1
DA:290,4
DA:291,1
DA:292,2
DA:295,5
DA:296,4
DA:297,3
DA:301,0
DA:302,0
DA:303,0
DA:304,0
DA:305,0
DA:306,0
DA:307,0
DA:308,0
DA:309,0
DA:311,0
DA:312,0
DA:315,0
DA:316,0
DA:321,0
DA:322,0
DA:323,0
DA:326,0
DA:327,0
DA:328,0
DA:332,0
DA:333,0
DA:334,0
DA:337,0
DA:338,0
DA:339,0
DA:343,0
DA:344,0
DA:345,0
DA:348,0
DA:349,0
DA:350,0
DA:354,0
DA:356,0
DA:357,0
DA:358,0
DA:359,0
DA:360,0
DA:376,2
DA:378,2
DA:380,4
DA:381,4
DA:382,4
DA:383,4
DA:384,4
DA:386,2
DA:387,2
DA:388,6
DA:389,2
DA:391,2
DA:392,2
DA:393,2
DA:394,2
DA:399,2
DA:401,2
DA:402,2
DA:406,2
DA:407,4
DA:408,4
DA:409,2
DA:410,1
DA:417,2
DA:418,2
DA:419,2
DA:421,2
DA:423,2
DA:424,2
DA:427,2
DA:428,8
DA:435,2
DA:437,2
DA:439,2
DA:440,2
DA:442,8
DA:444,2
DA:446,8
DA:448,2
DA:450,8
DA:456,2
DA:457,2
DA:459,6
DA:460,2
DA:461,6
DA:462,2
DA:464,2
DA:467,6
DA:471,4
DA:473,4
DA:482,2
DA:483,2
DA:485,2
DA:488,2
DA:489,2
DA:491,4
DA:502,2
DA:503,2
DA:504,2
DA:505,2
DA:507,2
DA:508,2
DA:509,2
DA:517,2
DA:518,4
DA:522,2
DA:525,2
DA:526,2
DA:527,2
DA:528,2
DA:529,2
DA:530,6
DA:538,2
DA:539,2
DA:540,4
DA:558,1
DA:559,2
DA:560,2
DA:561,2
DA:568,0
DA:569,0
DA:572,1
DA:573,1
DA:574,7
DA:577,0
DA:578,0
DA:583,0
DA:584,0
DA:587,1
DA:588,1
DA:589,1
DA:591,1
DA:592,0
DA:594,1
DA:595,1
DA:597,1
DA:598,1
DA:600,1
DA:602,1
DA:610,1
DA:612,0
DA:614,0
DA:616,0
DA:618,0
DA:619,0
DA:628,1
DA:629,1
DA:630,1
DA:633,1
DA:634,1
DA:635,1
DA:636,1
DA:637,1
DA:638,3
DA:646,1
DA:647,1
DA:649,1
DA:650,1
DA:651,2
DA:659,1
DA:660,1
DA:661,1
DA:672,1
DA:673,1
DA:675,1
DA:677,1
DA:680,1
DA:682,0
DA:683,2
DA:691,1
DA:693,1
DA:695,1
DA:699,2
DA:700,1
DA:710,1
DA:711,1
DA:712,1
DA:713,1
DA:715,1
DA:718,2
DA:724,3
DA:727,1
DA:728,0
DA:730,2
DA:738,2
DA:740,0
DA:747,0
DA:749,0
DA:750,0
DA:751,0
DA:752,0
DA:754,0
LF:332
LH:235
end_of_record
SF:lib/presentation/screens/landing_screen.dart
DA:42,7
DA:64,6
DA:65,6
DA:66,6
DA:68,4
DA:70,4
DA:80,11
DA:105,11
DA:106,11
DA:121,11
DA:123,11
DA:124,11
DA:127,11
DA:128,33
DA:129,33
DA:130,33
DA:131,33
DA:132,33
DA:133,11
DA:134,33
DA:135,11
DA:136,11
DA:137,22
DA:138,11
DA:139,11
DA:140,11
DA:141,11
DA:142,11
DA:143,54
DA:144,11
DA:148,55
DA:150,0
DA:151,0
DA:154,8
DA:155,32
DA:156,16
DA:157,0
DA:161,11
DA:162,11
DA:163,27
DA:164,23
DA:165,11
DA:166,11
DA:167,11
DA:173,0
DA:174,0
DA:175,0
DA:176,0
DA:177,0
DA:178,0
DA:182,0
DA:183,0
DA:188,11
DA:189,11
DA:190,14
DA:191,14
DA:192,7
DA:196,0
DA:197,0
DA:198,0
DA:199,0
DA:200,0
DA:201,0
DA:207,1
DA:208,2
DA:209,3
DA:213,0
DA:214,0
DA:215,0
DA:220,1
DA:225,3
DA:226,1
DA:227,2
DA:228,5
DA:229,4
DA:233,1
DA:236,1
DA:237,2
DA:240,0
DA:246,1
DA:252,0
DA:253,0
DA:254,0
DA:256,0
DA:257,0
DA:258,0
DA:262,0
DA:263,0
DA:264,0
DA:270,0
DA:271,0
DA:272,0
DA:274,0
DA:278,0
DA:284,0
DA:285,0
DA:286,0
DA:288,0
DA:289,0
DA:293,0
DA:298,0
DA:308,0
DA:309,0
DA:310,0
DA:312,0
DA:313,0
DA:314,0
DA:320,0
DA:321,0
DA:322,0
DA:328,0
DA:329,0
DA:330,0
DA:331,0
DA:333,0
DA:335,0
DA:336,0
DA:338,0
DA:339,0
DA:342,0
DA:343,0
DA:344,0
DA:349,0
DA:350,0
DA:352,0
DA:353,0
DA:354,0
DA:359,0
DA:360,0
DA:363,0
DA:364,0
DA:366,0
DA:367,0
DA:368,0
DA:374,0
DA:376,0
DA:377,0
DA:378,0
DA:379,0
DA:380,0
DA:381,0
DA:382,0
DA:383,0
DA:384,0
DA:391,1
DA:392,2
DA:395,1
DA:396,1
DA:399,1
DA:400,3
DA:401,3
DA:405,0
DA:407,0
DA:408,0
DA:409,0
DA:411,0
DA:412,0
DA:418,0
DA:419,0
DA:420,0
DA:427,6
DA:428,6
DA:429,6
DA:431,6
DA:437,7
DA:438,7
DA:439,14
DA:440,14
DA:442,7
DA:445,11
DA:446,12
DA:447,8
DA:449,4
DA:450,8
DA:451,16
DA:452,4
DA:453,4
DA:459,9
DA:460,6
DA:461,4
DA:463,2
DA:464,4
DA:465,2
DA:466,2
DA:472,11
DA:473,12
DA:474,8
DA:476,4
DA:477,4
DA:478,4
DA:479,4
DA:485,9
DA:486,4
DA:487,6
DA:489,0
DA:490,0
DA:497,2
DA:498,4
DA:499,4
DA:501,2
DA:504,0
DA:505,0
DA:507,0
DA:509,0
DA:510,0
DA:511,0
DA:513,0
DA:514,0
DA:521,0
DA:522,0
DA:527,6
DA:528,12
DA:530,6
DA:531,6
DA:532,6
DA:533,6
DA:534,6
DA:536,6
DA:538,6
DA:539,6
DA:541,6
DA:542,6
DA:544,6
DA:545,6
DA:553,12
DA:554,6
DA:555,6
DA:556,6
DA:557,14
DA:558,6
DA:561,6
DA:562,12
DA:563,12
DA:564,6
DA:565,6
DA:569,6
DA:571,6
DA:572,6
DA:575,6
DA:576,2
DA:577,2
DA:578,2
DA:579,2
DA:580,4
DA:581,2
DA:582,2
DA:585,2
DA:589,12
DA:590,4
DA:594,12
DA:595,0
DA:596,0
DA:597,0
DA:602,6
DA:612,6
DA:613,6
DA:614,6
DA:615,4
DA:616,4
DA:617,1
DA:618,4
DA:619,4
DA:623,6
DA:624,8
DA:625,8
DA:626,12
DA:627,4
DA:631,2
DA:633,2
DA:634,2
DA:635,4
DA:636,4
DA:637,6
DA:638,2
DA:639,2
DA:640,0
DA:641,4
DA:643,2
DA:644,2
DA:645,4
DA:646,4
DA:652,4
DA:654,2
DA:655,2
DA:656,8
DA:657,4
DA:659,2
DA:660,0
DA:661,0
DA:662,0
DA:664,2
DA:665,16
DA:666,8
DA:671,2
DA:673,2
DA:675,2
DA:676,6
DA:677,6
DA:683,2
DA:684,2
DA:685,4
DA:687,4
DA:689,4
DA:690,8
DA:693,4
DA:694,6
DA:695,6
DA:699,4
DA:700,8
DA:701,12
DA:706,4
DA:707,16
DA:708,12
DA:713,0
DA:721,0
DA:722,0
DA:727,0
DA:733,21
DA:735,0
DA:738,0
DA:739,0
DA:740,0
DA:741,0
DA:743,0
DA:744,0
DA:745,0
DA:749,0
DA:750,0
DA:751,0
DA:752,0
DA:754,0
DA:755,0
DA:756,0
DA:761,0
DA:762,0
DA:763,0
DA:765,0
DA:766,0
DA:767,0
DA:768,0
DA:774,0
DA:775,0
DA:781,0
DA:782,0
DA:785,0
DA:786,0
DA:788,0
DA:789,0
DA:790,0
DA:791,0
DA:793,0
DA:794,0
DA:795,0
DA:796,0
DA:797,0
DA:798,0
DA:799,0
DA:800,0
DA:801,0
DA:804,0
DA:810,0
DA:811,0
DA:812,0
DA:814,0
DA:815,0
DA:816,0
DA:818,0
DA:819,0
DA:820,0
DA:825,0
DA:826,0
DA:832,11
DA:834,11
DA:836,11
DA:840,11
DA:841,11
DA:842,11
DA:843,11
DA:845,11
DA:847,11
DA:849,11
DA:851,11
DA:858,11
DA:860,11
DA:862,11
DA:864,11
DA:865,22
DA:874,11
DA:875,11
DA:877,11
DA:879,11
DA:882,18
DA:885,7
DA:888,7
DA:890,14
DA:891,7
DA:894,7
DA:895,7
DA:898,7
DA:902,14
DA:904,7
DA:907,7
DA:909,14
DA:910,7
DA:913,7
DA:914,7
DA:917,7
DA:921,7
DA:923,11
DA:926,11
DA:929,11
DA:930,11
DA:933,11
DA:934,11
DA:941,11
DA:942,22
DA:945,11
DA:948,11
DA:950,11
DA:951,11
DA:952,11
DA:953,33
DA:955,11
DA:957,11
DA:958,11
DA:964,33
DA:966,0
DA:968,0
DA:970,0
DA:971,0
DA:972,0
DA:975,0
DA:980,0
DA:981,0
DA:985,0
DA:986,0
DA:990,0
DA:991,0
DA:1001,0
DA:1002,0
DA:1004,0
DA:1005,0
DA:1009,0
DA:1010,0
DA:1012,0
DA:1013,0
DA:1019,0
DA:1020,0
DA:1026,11
DA:1029,22
DA:1030,3
DA:1031,3
DA:1033,3
DA:1034,3
DA:1035,3
DA:1036,3
DA:1037,3
DA:1038,3
DA:1043,16
DA:1044,12
DA:1046,0
DA:1049,11
DA:1059,11
DA:1060,11
DA:1061,11
DA:1062,11
DA:1063,11
DA:1064,11
DA:1065,25
DA:1066,7
DA:1067,14
DA:1068,7
DA:1069,7
DA:1072,0
DA:1073,11
DA:1079,11
DA:1080,11
DA:1104,11
DA:1105,11
DA:1106,22
DA:1107,38
DA:1109,30
DA:1110,38
DA:1112,7
DA:1113,11
DA:1115,11
DA:1116,11
DA:1117,11
DA:1118,7
DA:1120,7
DA:1134,33
DA:1142,6
DA:1147,6
DA:1149,6
DA:1150,6
DA:1152,6
DA:1153,24
DA:1155,18
DA:1156,18
DA:1157,2
DA:1158,10
DA:1163,6
DA:1175,0
DA:1191,0
DA:1192,0
DA:1199,0
DA:1200,0
DA:1202,0
DA:1204,0
DA:1205,0
DA:1206,0
DA:1208,0
DA:1209,0
DA:1210,0
DA:1211,0
DA:1212,0
DA:1213,0
DA:1214,0
DA:1215,0
DA:1216,0
DA:1217,0
DA:1219,0
DA:1221,0
DA:1223,0
DA:1224,0
DA:1228,0
DA:1229,0
DA:1230,0
DA:1231,0
DA:1232,0
DA:1233,0
DA:1234,0
DA:1235,0
DA:1237,0
DA:1239,0
DA:1241,0
DA:1242,0
DA:1246,0
DA:1247,0
DA:1248,0
DA:1249,0
DA:1250,0
DA:1251,0
DA:1255,0
DA:1256,0
DA:1257,0
DA:1259,0
DA:1261,0
DA:1274,0
DA:1288,0
DA:1290,0
DA:1291,0
DA:1292,0
DA:1293,0
DA:1295,0
DA:1296,0
DA:1297,0
DA:1299,0
DA:1300,0
DA:1301,0
DA:1302,0
DA:1304,0
DA:1305,0
DA:1309,0
DA:1310,0
DA:1311,0
DA:1313,0
DA:1319,0
DA:1320,0
DA:1322,0
DA:1327,0
DA:1337,0
DA:1361,0
DA:1363,0
DA:1364,0
DA:1365,0
DA:1366,0
DA:1367,0
DA:1368,0
DA:1369,0
DA:1370,0
DA:1371,0
DA:1372,0
DA:1373,0
DA:1374,0
DA:1375,0
DA:1376,0
DA:1377,0
DA:1378,0
DA:1379,0
LF:590
LH:308
end_of_record
SF:lib/presentation/screens/profile_summary_screen.dart
DA:10,1
DA:26,1
DA:28,1
DA:29,1
DA:31,1
DA:32,1
DA:33,1
DA:35,1
DA:37,2
DA:38,1
DA:39,1
DA:41,1
DA:42,1
DA:46,1
DA:47,1
DA:48,1
DA:61,1
DA:62,1
DA:63,1
DA:64,5
DA:65,5
DA:66,5
DA:67,5
DA:68,2
DA:69,3
DA:72,1
DA:73,1
DA:74,1
DA:75,1
DA:76,5
DA:77,2
DA:78,3
DA:79,2
DA:80,3
DA:83,1
DA:84,1
DA:85,1
DA:86,1
DA:87,2
DA:88,3
DA:89,2
DA:90,3
DA:91,2
DA:92,3
DA:95,1
DA:96,1
DA:97,1
DA:98,1
DA:99,1
DA:100,1
DA:101,3
DA:103,2
DA:104,5
DA:105,2
DA:106,1
DA:107,3
DA:108,1
DA:109,0
DA:110,3
DA:115,2
DA:117,1
DA:118,1
DA:119,1
DA:120,1
DA:122,2
DA:123,2
DA:124,2
DA:125,1
DA:126,1
DA:127,3
DA:128,2
DA:130,1
DA:131,3
DA:132,2
DA:137,2
DA:138,4
DA:141,1
DA:142,1
DA:159,2
DA:161,1
DA:162,1
DA:163,2
DA:164,4
DA:167,1
DA:169,1
DA:170,1
DA:171,0
DA:172,0
DA:178,1
DA:180,1
DA:181,1
DA:182,0
DA:183,0
DA:184,0
DA:185,0
DA:191,1
DA:193,1
DA:194,0
DA:195,1
DA:196,1
DA:197,0
DA:198,0
DA:199,0
DA:200,0
DA:208,1
DA:214,1
DA:219,1
DA:221,1
DA:222,1
DA:224,1
DA:226,1
DA:227,5
DA:229,4
DA:231,1
DA:233,1
DA:234,2
DA:235,2
LF:117
LH:105
end_of_record
SF:lib/presentation/screens/routine/create_routine_flow.dart
DA:24,4
DA:43,4
DA:44,4
DA:54,3
DA:55,0
DA:56,2
DA:57,2
DA:58,0
DA:94,2
DA:95,2
DA:96,4
DA:97,6
DA:99,0
DA:100,0
DA:102,2
DA:103,6
DA:106,1
DA:107,1
DA:108,2
DA:109,3
DA:111,3
DA:112,2
DA:114,1
DA:115,3
DA:120,0
DA:121,0
DA:122,0
DA:124,0
DA:125,0
DA:130,0
DA:131,0
DA:135,0
DA:137,0
DA:140,0
DA:141,0
DA:142,0
DA:146,0
DA:149,0
DA:150,0
DA:155,0
DA:156,0
DA:157,0
DA:165,0
DA:168,0
DA:170,0
DA:172,0
DA:173,0
DA:175,0
DA:176,0
DA:177,0
DA:179,0
DA:180,0
DA:181,0
DA:182,0
DA:183,0
DA:190,4
DA:191,8
DA:192,4
DA:193,4
DA:194,1
DA:195,3
DA:196,1
DA:198,2
DA:203,1
DA:204,2
DA:205,1
DA:206,1
DA:210,1
DA:211,1
DA:212,2
DA:213,2
DA:214,0
DA:215,1
DA:216,3
DA:221,0
DA:227,1
DA:228,2
DA:229,2
DA:230,1
DA:232,1
DA:233,1
DA:240,4
DA:241,3
DA:243,1
DA:244,3
DA:247,2
DA:248,4
DA:249,2
DA:250,2
DA:251,4
DA:252,4
DA:253,4
DA:254,4
DA:255,2
DA:259,2
DA:260,4
DA:262,8
DA:263,8
DA:266,4
DA:267,4
DA:269,8
DA:270,4
DA:271,2
DA:273,1
DA:278,1
DA:279,2
DA:280,1
DA:281,1
DA:285,1
DA:292,1
DA:293,1
DA:296,1
DA:297,1
DA:299,1
DA:302,1
DA:310,4
DA:311,3
DA:313,1
DA:314,3
DA:317,0
DA:318,0
DA:319,0
DA:321,0
DA:322,0
DA:323,0
DA:324,0
DA:325,0
DA:326,0
DA:329,0
DA:330,0
DA:331,0
DA:337,0
DA:338,0
DA:339,0
DA:343,1
DA:344,1
DA:345,4
DA:346,2
DA:347,6
DA:348,2
DA:352,1
DA:353,1
DA:355,1
DA:359,4
DA:360,3
DA:362,1
DA:363,3
DA:368,2
DA:369,4
DA:370,2
DA:371,2
DA:372,0
DA:375,2
DA:376,0
DA:379,2
DA:380,0
DA:383,2
DA:384,0
DA:387,2
DA:388,1
DA:391,2
DA:392,1
DA:395,1
DA:396,1
DA:398,1
DA:399,4
DA:400,2
DA:401,3
DA:402,3
DA:403,1
DA:405,1
DA:408,0
DA:410,0
DA:411,0
DA:412,0
DA:413,0
DA:420,4
DA:422,4
DA:423,8
DA:424,3
DA:425,0
DA:427,4
DA:431,4
DA:432,4
DA:433,4
DA:434,4
DA:435,4
DA:436,0
DA:437,4
DA:439,4
DA:440,1
DA:441,1
DA:442,1
DA:444,4
DA:445,1
DA:446,1
DA:449,3
DA:451,1
DA:452,1
DA:454,4
DA:456,2
DA:457,1
DA:459,1
DA:460,1
DA:461,1
DA:463,3
DA:464,2
DA:465,2
DA:466,2
DA:467,2
DA:469,3
DA:470,2
DA:471,2
DA:472,6
DA:473,4
DA:474,2
DA:475,2
DA:476,2
DA:477,2
DA:478,2
DA:479,2
DA:481,2
DA:482,1
DA:483,1
DA:485,1
DA:486,1
DA:487,1
DA:488,1
DA:490,2
DA:491,1
DA:492,2
DA:493,1
DA:494,1
DA:496,1
DA:497,1
DA:498,1
DA:499,1
DA:500,1
DA:501,1
DA:502,1
DA:503,1
DA:504,1
LF:242
LH:179
end_of_record
SF:lib/presentation/screens/routine/routine_detail_screen.dart
DA:22,3
DA:37,3
DA:38,3
DA:44,3
DA:46,3
DA:47,9
DA:53,3
DA:54,9
DA:57,3
DA:59,6
DA:61,12
DA:66,3
DA:67,3
DA:72,4
DA:73,2
DA:74,4
DA:75,2
DA:78,1
DA:79,2
DA:82,3
DA:84,1
DA:85,1
DA:86,2
DA:88,1
DA:90,1
DA:91,1
DA:92,2
DA:94,1
DA:97,1
DA:99,3
DA:102,0
DA:103,0
DA:104,0
DA:109,0
DA:110,0
DA:111,0
DA:113,0
DA:114,0
DA:117,0
DA:118,0
DA:123,0
DA:124,0
DA:125,0
DA:126,0
DA:129,0
DA:131,0
DA:132,0
DA:133,0
DA:134,0
DA:136,0
DA:137,0
DA:142,1
DA:143,3
DA:144,2
DA:146,3
DA:147,1
DA:148,2
DA:150,3
DA:152,2
DA:153,1
DA:158,1
DA:161,3
DA:162,2
DA:163,1
DA:167,2
DA:170,4
DA:171,4
DA:172,1
DA:173,3
DA:175,3
DA:180,0
DA:181,0
DA:182,0
DA:183,0
DA:184,0
DA:185,0
DA:188,0
DA:196,3
DA:198,3
DA:199,6
DA:200,3
DA:202,3
DA:203,3
DA:204,9
DA:205,3
DA:206,3
DA:208,3
DA:209,3
DA:213,3
DA:214,3
DA:215,3
DA:216,3
DA:218,3
DA:220,15
DA:221,9
DA:222,6
DA:224,3
DA:226,3
DA:227,3
DA:229,3
DA:231,3
DA:232,3
DA:234,3
DA:235,3
DA:236,3
DA:237,3
DA:238,9
DA:244,3
DA:246,6
DA:247,3
DA:251,2
DA:255,3
DA:256,12
DA:260,3
DA:261,3
DA:263,3
DA:267,9
DA:268,3
DA:269,3
DA:274,3
DA:279,12
DA:283,6
DA:285,3
DA:286,3
DA:292,0
DA:293,3
DA:294,3
DA:299,3
DA:309,3
DA:310,3
DA:312,3
DA:315,3
DA:317,6
DA:318,3
DA:321,3
DA:322,3
DA:325,3
DA:339,1
DA:353,1
DA:355,1
DA:356,2
DA:357,1
DA:358,1
DA:359,1
DA:360,1
DA:361,1
DA:362,3
DA:363,0
LF:148
LH:118
end_of_record
SF:lib/presentation/screens/mobility/mobility_routine_detail_screen.dart
DA:23,0
DA:36,0
DA:38,0
DA:48,0
DA:50,0
DA:51,0
DA:52,0
DA:53,0
DA:57,0
DA:58,0
DA:60,0
DA:64,0
DA:65,0
DA:66,0
DA:67,0
DA:69,0
DA:70,0
DA:71,0
DA:72,0
DA:75,0
DA:79,0
DA:80,0
DA:81,0
DA:82,0
DA:85,0
DA:86,0
DA:88,0
DA:90,0
DA:91,0
DA:92,0
DA:94,0
DA:96,0
DA:97,0
DA:98,0
DA:100,0
DA:103,0
DA:105,0
DA:108,0
DA:109,0
DA:110,0
DA:115,0
DA:116,0
DA:117,0
DA:118,0
DA:119,0
DA:122,0
DA:123,0
DA:126,0
DA:127,0
DA:128,0
DA:129,0
DA:132,0
DA:134,0
DA:135,0
DA:136,0
DA:137,0
DA:139,0
DA:140,0
DA:143,0
DA:144,0
DA:147,0
DA:148,0
DA:149,0
DA:151,0
DA:152,0
DA:159,0
DA:161,0
DA:163,0
DA:164,0
DA:165,0
DA:166,0
DA:167,0
DA:169,0
DA:170,0
DA:174,0
DA:176,0
DA:177,0
DA:178,0
DA:179,0
DA:183,0
DA:187,0
DA:188,0
DA:190,0
DA:191,0
DA:193,0
DA:195,0
DA:196,0
DA:199,0
DA:200,0
DA:207,0
DA:208,0
DA:217,0
DA:218,0
DA:220,0
DA:221,0
DA:222,0
DA:223,0
DA:224,0
DA:230,0
DA:242,0
DA:243,0
DA:245,0
DA:247,0
DA:249,0
DA:252,0
DA:253,0
DA:255,0
DA:256,0
DA:257,0
DA:258,0
DA:265,0
DA:268,0
DA:270,0
DA:271,0
DA:274,0
DA:275,0
DA:278,0
LF:117
LH:0
end_of_record
SF:lib/presentation/screens/workout/routine_picker_screen.dart
DA:9,2
DA:18,2
DA:20,2
DA:22,2
DA:23,6
DA:24,4
DA:25,1
DA:26,1
DA:27,1
DA:31,2
DA:33,4
DA:34,2
DA:35,4
DA:36,2
DA:38,2
DA:39,6
DA:41,4
DA:42,4
DA:43,1
DA:44,4
DA:51,6
LF:21
LH:21
end_of_record
SF:lib/presentation/screens/workout/workout_session_screen.dart
DA:16,3
DA:33,3
DA:34,3
DA:57,2
DA:58,10
DA:61,3
DA:63,3
DA:64,9
DA:65,15
DA:66,10
DA:67,10
DA:68,5
DA:69,1
DA:70,2
DA:71,5
DA:77,3
DA:79,5
DA:80,3
DA:83,3
DA:84,9
DA:88,2
DA:89,6
DA:90,7
DA:91,2
DA:92,2
DA:94,4
DA:96,6
DA:101,2
DA:102,4
DA:103,6
DA:104,2
DA:105,6
DA:106,2
DA:107,6
DA:108,4
DA:110,2
DA:113,2
DA:114,4
DA:115,6
DA:116,2
DA:117,6
DA:118,2
DA:119,6
DA:123,0
DA:124,0
DA:125,0
DA:126,0
DA:127,0
DA:128,0
DA:129,0
DA:133,0
DA:134,0
DA:135,0
DA:136,0
DA:137,0
DA:140,0
DA:141,0
DA:142,0
DA:143,0
DA:144,0
DA:145,0
DA:146,0
DA:147,0
DA:150,2
DA:151,2
DA:155,6
DA:156,4
DA:160,2
DA:161,0
DA:162,0
DA:163,0
DA:164,0
DA:170,6
DA:171,4
DA:172,6
DA:176,2
DA:178,2
DA:181,1
DA:182,2
DA:183,6
DA:185,3
DA:186,1
DA:187,2
DA:190,2
DA:194,1
DA:195,1
DA:196,3
DA:197,0
DA:204,1
DA:205,4
DA:207,3
DA:209,2
DA:210,1
DA:211,2
DA:215,5
DA:217,2
DA:218,3
DA:220,1
DA:226,0
DA:227,0
DA:228,0
DA:229,0
DA:230,0
DA:231,0
DA:232,0
DA:233,0
DA:234,0
DA:235,0
DA:236,0
DA:238,0
DA:239,0
DA:240,0
DA:245,0
DA:247,0
DA:248,0
DA:250,0
DA:251,0
DA:256,1
DA:257,1
DA:258,1
DA:259,3
DA:265,1
DA:266,1
DA:267,1
DA:269,1
DA:275,2
DA:276,2
DA:277,4
DA:278,4
DA:279,4
DA:280,0
DA:284,2
DA:285,4
DA:286,2
DA:287,4
DA:288,8
DA:289,3
DA:290,1
DA:291,1
DA:292,2
DA:293,2
DA:294,6
DA:296,2
DA:300,3
DA:301,3
DA:302,6
DA:303,3
DA:304,3
DA:305,3
DA:306,3
DA:307,0
DA:308,0
DA:311,0
DA:312,0
DA:313,0
DA:314,0
DA:315,0
DA:317,0
DA:322,3
DA:324,3
DA:326,3
DA:327,6
DA:328,1
DA:329,0
DA:331,3
DA:332,3
DA:333,9
DA:334,3
DA:335,3
DA:336,3
DA:338,3
DA:340,6
DA:341,2
DA:343,2
DA:344,2
DA:345,2
DA:346,2
DA:349,2
DA:351,2
DA:355,2
DA:356,4
DA:367,3
DA:368,3
DA:369,3
DA:370,3
DA:372,9
DA:373,3
DA:374,3
DA:377,3
DA:378,3
DA:380,3
DA:383,6
DA:384,2
DA:386,4
DA:387,2
DA:389,2
DA:391,4
DA:392,4
DA:403,3
DA:404,9
DA:405,6
DA:406,6
DA:407,3
DA:409,3
DA:411,6
DA:412,3
DA:413,3
DA:414,6
DA:415,2
DA:417,3
DA:419,3
DA:421,3
DA:423,3
DA:424,3
DA:425,3
DA:426,2
DA:431,3
DA:432,3
DA:434,3
DA:437,3
DA:441,3
DA:449,5
DA:451,2
DA:452,2
DA:455,0
DA:457,0
DA:458,0
DA:462,0
DA:463,0
DA:473,2
DA:475,2
DA:478,0
DA:479,0
DA:480,0
DA:484,0
DA:485,0
DA:494,2
DA:495,2
DA:496,2
DA:498,4
DA:500,0
DA:503,2
DA:505,4
DA:508,6
DA:512,2
DA:514,2
DA:515,2
DA:516,2
DA:520,4
DA:522,0
DA:524,2
DA:526,2
DA:528,2
DA:530,4
DA:531,4
DA:544,2
DA:546,2
DA:547,2
DA:549,2
DA:550,2
DA:552,2
DA:553,4
DA:560,2
DA:561,4
DA:572,8
DA:573,4
DA:574,2
DA:576,2
DA:577,2
DA:578,2
DA:580,2
DA:581,6
DA:585,2
DA:586,2
DA:587,2
DA:589,4
DA:593,2
DA:594,2
DA:595,2
DA:597,2
DA:613,2
DA:623,2
DA:624,2
DA:630,2
DA:632,2
DA:633,2
DA:634,14
DA:637,2
DA:639,2
DA:640,8
DA:641,12
DA:642,6
DA:643,4
DA:644,4
DA:645,8
DA:650,2
DA:652,4
DA:653,2
DA:656,0
DA:657,0
DA:658,0
DA:661,2
DA:662,16
DA:665,2
DA:667,2
DA:669,2
DA:670,4
DA:671,2
DA:672,2
DA:673,2
DA:675,4
DA:683,0
DA:686,4
DA:694,2
DA:704,2
DA:705,2
DA:711,2
DA:713,2
DA:714,10
DA:717,2
DA:719,2
DA:720,8
DA:721,3
DA:722,3
DA:723,2
DA:724,2
DA:725,4
DA:730,2
DA:732,4
DA:733,2
DA:736,2
DA:737,2
DA:738,8
DA:740,1
DA:741,4
DA:744,0
DA:745,0
DA:747,0
DA:750,1
DA:751,9
DA:754,4
DA:756,2
DA:758,2
DA:760,2
DA:761,4
DA:762,2
DA:763,2
DA:764,2
DA:766,4
DA:774,0
DA:775,0
DA:776,0
DA:780,4
DA:788,2
DA:793,2
DA:795,2
DA:796,2
DA:797,2
DA:798,2
DA:800,4
DA:809,0
DA:814,0
DA:815,0
DA:817,0
DA:830,3
DA:832,1
DA:833,1
DA:842,1
DA:844,2
DA:845,2
DA:846,1
DA:849,1
DA:850,2
DA:851,1
DA:852,3
DA:853,3
DA:855,2
DA:858,1
DA:859,2
DA:860,2
DA:861,2
DA:864,1
DA:865,1
DA:866,1
DA:867,1
DA:868,2
DA:869,2
DA:872,1
DA:873,2
DA:874,3
DA:875,4
DA:877,5
DA:878,1
DA:881,1
DA:883,2
DA:884,3
DA:886,1
DA:887,1
DA:889,1
DA:891,1
DA:892,1
DA:894,1
DA:898,1
DA:899,2
DA:906,1
DA:907,1
DA:916,1
DA:918,1
DA:920,1
DA:925,1
DA:929,1
DA:936,2
DA:953,1
DA:969,1
DA:971,1
DA:972,1
DA:973,3
DA:975,1
DA:976,1
DA:977,2
DA:978,1
DA:981,1
DA:983,1
DA:985,2
LF:424
LH:344
end_of_record
SF:lib/presentation/screens/mobility/mobility_timer_screen.dart
DA:18,1
DA:34,1
DA:35,1
DA:63,1
DA:65,1
DA:66,2
DA:67,1
DA:68,3
DA:70,2
DA:71,3
DA:72,2
DA:77,1
DA:79,2
DA:80,2
DA:81,1
DA:84,1
DA:85,5
DA:87,0
DA:88,0
DA:89,0
DA:90,0
DA:95,0
DA:97,0
DA:98,0
DA:103,0
DA:105,0
DA:106,0
DA:108,0
DA:109,0
DA:114,1
DA:115,2
DA:116,2
DA:117,1
DA:119,1
DA:122,1
DA:123,1
DA:124,1
DA:126,3
DA:127,2
DA:129,1
DA:130,2
DA:131,0
DA:132,0
DA:134,0
DA:135,0
DA:136,0
DA:139,0
DA:140,0
DA:141,0
DA:142,0
DA:143,0
DA:145,0
DA:150,0
DA:151,0
DA:152,0
DA:153,0
DA:154,0
DA:155,0
DA:156,0
DA:157,0
DA:163,0
DA:164,0
DA:165,0
DA:166,0
DA:168,0
DA:171,0
DA:172,0
DA:173,0
DA:174,0
DA:175,0
DA:178,0
DA:179,0
DA:181,0
DA:185,0
DA:186,0
DA:187,0
DA:190,0
DA:191,0
DA:192,0
DA:194,0
DA:197,0
DA:198,0
DA:199,0
DA:200,0
DA:201,0
DA:202,0
DA:204,0
DA:207,0
DA:208,0
DA:209,0
DA:210,0
DA:212,0
DA:213,0
DA:214,0
DA:215,0
DA:216,0
DA:217,0
DA:220,0
DA:221,0
DA:226,0
DA:227,0
DA:230,0
DA:231,0
DA:233,0
DA:234,0
DA:235,0
DA:236,0
DA:237,0
DA:238,0
DA:239,0
DA:240,0
DA:241,0
DA:243,0
DA:244,0
DA:245,0
DA:246,0
DA:252,0
DA:253,0
DA:254,0
DA:255,0
DA:256,0
DA:258,0
DA:264,0
DA:265,0
DA:266,0
DA:267,0
DA:270,0
DA:271,0
DA:272,0
DA:276,0
DA:277,0
DA:278,0
DA:279,0
DA:280,0
DA:281,0
DA:282,0
DA:283,0
DA:284,0
DA:286,0
DA:289,0
DA:290,0
DA:294,0
DA:297,0
DA:298,0
DA:299,0
DA:300,0
DA:301,0
DA:303,0
DA:304,0
DA:306,0
DA:308,0
DA:309,0
DA:310,0
DA:311,0
DA:315,0
DA:317,0
DA:318,0
DA:319,0
DA:320,0
DA:321,0
DA:336,1
DA:338,1
DA:340,4
DA:341,2
DA:342,2
DA:343,2
DA:345,1
DA:346,1
DA:347,3
DA:348,1
DA:350,1
DA:351,1
DA:352,1
DA:353,1
DA:358,1
DA:360,1
DA:361,1
DA:365,1
DA:366,2
DA:367,2
DA:368,0
DA:369,0
DA:376,1
DA:377,3
DA:379,1
DA:380,1
DA:381,1
DA:382,1
DA:384,1
DA:385,2
DA:386,1
DA:393,1
DA:394,1
DA:396,1
DA:399,1
DA:400,1
DA:402,2
DA:413,1
DA:414,1
DA:415,1
DA:416,1
DA:418,1
DA:419,1
DA:420,1
DA:428,1
DA:429,3
DA:433,1
DA:436,1
DA:437,1
DA:438,1
DA:439,1
DA:440,1
DA:441,3
DA:449,1
DA:450,1
DA:451,2
DA:469,0
DA:470,0
DA:472,0
DA:476,0
DA:477,0
DA:478,0
DA:480,0
DA:483,0
DA:484,0
DA:485,0
DA:488,0
DA:489,0
DA:490,0
DA:492,0
DA:495,0
DA:497,0
DA:499,0
DA:508,0
DA:510,0
DA:511,0
DA:512,0
DA:514,0
DA:516,0
DA:525,0
DA:526,0
DA:527,0
DA:530,0
DA:531,0
DA:532,0
DA:533,0
DA:534,0
DA:535,0
DA:544,0
DA:545,0
DA:547,0
DA:548,0
DA:549,0
DA:557,0
DA:569,0
DA:570,0
DA:572,0
DA:574,0
DA:577,0
DA:578,0
DA:586,0
DA:588,0
DA:590,0
DA:594,0
DA:595,0
DA:605,0
DA:606,0
DA:607,0
DA:608,0
DA:610,0
DA:613,0
DA:619,0
DA:622,0
DA:623,0
DA:625,0
DA:633,0
LF:276
LH:83
end_of_record
SF:lib/presentation/screens/routine/routine_type_screen.dart
DA:8,5
DA:19,5
DA:21,5
DA:29,5
DA:30,10
DA:32,5
DA:33,5
DA:37,5
DA:39,5
DA:40,5
DA:41,10
DA:42,5
DA:44,5
DA:47,5
DA:48,5
DA:49,5
DA:50,5
DA:52,5
DA:58,15
DA:60,5
DA:61,25
DA:63,5
DA:67,5
DA:68,5
DA:69,5
DA:72,5
DA:75,5
DA:77,10
DA:78,5
DA:79,5
DA:80,5
DA:83,5
LF:32
LH:32
end_of_record
SF:lib/presentation/screens/routine/days_selection_screen.dart
DA:6,3
DA:17,3
DA:18,3
DA:24,3
DA:26,3
DA:27,12
DA:30,3
DA:32,3
DA:34,3
DA:35,3
DA:36,6
DA:37,3
DA:39,6
DA:42,3
DA:44,3
DA:46,3
DA:47,3
DA:48,9
DA:56,3
DA:57,12
DA:61,3
DA:62,3
DA:66,9
DA:69,0
DA:72,3
DA:75,3
DA:76,18
DA:77,6
LF:28
LH:27
end_of_record
SF:lib/presentation/screens/routine/exercise_selection_screen.dart
DA:23,4
DA:37,5
DA:64,5
DA:66,5
DA:77,5
DA:79,5
DA:80,20
DA:81,20
DA:82,5
DA:85,5
DA:87,10
DA:88,5
DA:91,5
DA:92,10
DA:93,10
DA:94,10
DA:99,5
DA:100,15
DA:101,6
DA:102,3
DA:103,15
DA:104,3
DA:107,3
DA:108,6
DA:110,6
DA:112,0
DA:114,3
DA:118,5
DA:119,10
DA:120,10
DA:121,2
DA:123,10
DA:128,1
DA:129,3
DA:130,1
DA:131,1
DA:137,2
DA:140,0
DA:141,0
DA:142,0
DA:148,5
DA:150,5
DA:151,10
DA:152,5
DA:154,5
DA:155,5
DA:156,5
DA:157,10
DA:158,4
DA:159,12
DA:160,12
DA:163,5
DA:165,10
DA:168,5
DA:169,5
DA:170,14
DA:171,4
DA:172,20
DA:176,5
DA:178,5
DA:180,5
DA:181,5
DA:182,5
DA:183,15
DA:185,5
DA:186,20
DA:192,5
DA:193,5
DA:195,5
DA:198,10
DA:199,10
DA:200,5
DA:201,5
DA:202,5
DA:206,10
DA:210,5
DA:214,6
DA:216,5
DA:219,5
DA:220,15
DA:221,5
DA:223,5
DA:224,5
DA:225,5
DA:226,5
DA:229,10
DA:230,3
DA:232,1
DA:233,2
DA:234,3
DA:239,5
DA:240,5
DA:241,5
DA:247,12
DA:252,5
DA:253,10
DA:254,3
DA:255,3
DA:256,3
DA:261,5
DA:263,10
DA:264,5
DA:265,10
DA:266,15
DA:268,5
DA:270,5
DA:272,5
DA:274,5
DA:275,5
DA:280,5
DA:281,5
DA:282,2
DA:283,5
DA:286,5
DA:287,5
DA:289,5
DA:291,15
DA:292,5
DA:294,5
DA:305,5
DA:306,5
DA:309,5
DA:310,5
DA:311,5
DA:312,5
DA:320,5
DA:321,10
DA:331,5
DA:332,5
DA:343,5
DA:344,5
DA:346,5
DA:349,5
DA:350,10
DA:351,16
DA:352,4
DA:353,8
DA:354,8
DA:358,10
DA:370,5
DA:374,5
DA:376,5
DA:378,10
DA:379,5
DA:383,5
DA:385,10
LF:146
LH:142
end_of_record
SF:lib/presentation/screens/routine/routine_summary_screen.dart
DA:11,2
DA:32,2
DA:33,2
DA:40,2
DA:42,4
DA:43,2
DA:47,2
DA:48,12
DA:49,6
DA:52,1
DA:53,3
DA:54,1
DA:55,3
DA:56,3
DA:59,2
DA:61,2
DA:62,4
DA:63,2
DA:65,2
DA:66,2
DA:67,4
DA:68,2
DA:70,4
DA:73,2
DA:74,2
DA:75,2
DA:76,2
DA:78,2
DA:80,2
DA:81,2
DA:82,2
DA:83,2
DA:84,2
DA:85,2
DA:89,6
DA:94,10
DA:95,6
DA:96,6
DA:98,2
DA:100,2
DA:101,2
DA:103,2
DA:105,2
DA:106,2
DA:108,2
DA:109,2
DA:110,2
DA:111,2
DA:112,6
DA:117,4
DA:118,1
DA:120,2
DA:121,1
DA:125,0
DA:129,2
DA:130,6
DA:134,2
DA:135,2
DA:137,2
DA:141,6
DA:142,2
DA:143,2
DA:148,2
DA:153,6
DA:157,4
DA:160,2
DA:170,2
DA:171,2
DA:173,2
DA:176,2
DA:177,10
DA:178,2
DA:180,2
DA:186,4
LF:74
LH:73
end_of_record
SF:lib/presentation/screens/routine/mobility_subtype_screen.dart
DA:7,1
DA:16,1
DA:18,1
DA:20,1
DA:21,1
DA:23,1
DA:27,1
DA:29,1
DA:33,1
DA:35,1
DA:41,1
DA:42,1
DA:43,2
DA:44,1
DA:46,1
DA:49,1
DA:51,1
DA:57,3
DA:59,1
DA:60,5
DA:62,1
LF:21
LH:21
end_of_record
SF:lib/presentation/screens/routine/mobility_option_screen.dart
DA:7,1
DA:22,1
DA:24,1
DA:26,1
DA:27,1
DA:29,1
DA:31,1
DA:33,1
DA:35,1
DA:37,1
DA:41,1
DA:42,1
DA:43,2
DA:44,1
DA:46,1
DA:49,1
DA:51,1
DA:53,1
DA:54,1
DA:55,1
DA:56,3
DA:59,3
DA:61,1
DA:63,1
DA:64,5
LF:25
LH:25
end_of_record
SF:lib/presentation/screens/routine/mobility_routine_selection_screen.dart
DA:8,1
DA:21,1
DA:23,1
DA:25,3
DA:26,2
DA:27,1
DA:28,1
DA:34,1
DA:36,1
DA:37,1
DA:38,2
DA:39,1
DA:41,1
DA:44,1
DA:46,1
DA:49,3
DA:51,1
DA:53,1
DA:54,4
DA:57,1
LF:20
LH:20
end_of_record
SF:lib/presentation/screens/routine/exercise_detail_sheet.dart
DA:7,2
DA:18,2
DA:20,2
DA:22,2
DA:23,2
DA:27,8
DA:29,2
DA:32,2
DA:34,2
DA:35,2
DA:38,2
DA:40,2
DA:47,2
DA:48,4
DA:58,2
DA:59,4
DA:65,2
DA:66,2
DA:73,2
DA:76,4
DA:77,6
DA:78,2
DA:81,2
DA:83,5
DA:85,1
DA:86,1
DA:87,2
DA:93,2
DA:96,2
DA:97,2
DA:98,2
DA:99,4
DA:105,2
DA:107,4
DA:111,2
DA:113,6
DA:118,2
DA:119,2
DA:120,6
DA:125,2
DA:128,2
DA:131,2
DA:132,0
DA:134,0
DA:135,0
DA:138,0
DA:139,0
DA:142,0
DA:144,2
DA:146,4
DA:147,2
DA:148,2
DA:149,2
DA:152,2
LF:54
LH:48
end_of_record
SF:lib/presentation/screens/workout/exercise_progress_screen.dart
DA:21,3
DA:36,3
DA:37,3
DA:55,3
DA:57,3
DA:58,3
DA:61,3
DA:62,9
DA:63,3
DA:66,3
DA:68,6
DA:69,6
DA:70,6
DA:72,6
DA:73,3
DA:74,3
DA:75,16
DA:79,3
DA:80,3
DA:81,3
DA:82,3
DA:83,6
DA:84,6
DA:85,6
DA:86,3
DA:87,3
DA:93,3
DA:95,3
DA:96,3
DA:97,3
DA:98,3
DA:99,3
DA:100,3
DA:104,3
DA:106,3
DA:107,3
DA:108,3
DA:109,3
DA:110,3
DA:111,3
DA:112,3
DA:113,3
DA:115,0
DA:119,3
DA:120,12
DA:122,2
DA:123,8
DA:126,3
DA:127,21
DA:129,3
DA:130,24
DA:134,3
DA:136,3
DA:137,3
DA:139,3
DA:140,3
DA:141,9
DA:143,3
DA:145,3
DA:147,3
DA:149,3
DA:153,3
DA:157,3
DA:161,3
DA:162,1
DA:163,3
DA:164,3
DA:166,3
DA:169,3
DA:172,3
DA:180,3
DA:181,3
DA:183,3
DA:184,3
DA:185,6
DA:186,6
DA:187,6
DA:192,12
DA:193,9
DA:194,0
DA:195,0
DA:196,0
DA:197,0
DA:199,3
DA:201,15
DA:202,6
DA:203,3
DA:205,3
DA:206,3
DA:207,6
DA:209,3
DA:210,3
DA:212,3
DA:213,3
DA:214,3
DA:218,3
DA:219,6
DA:226,3
DA:227,6
DA:238,3
DA:240,3
DA:242,6
DA:243,6
DA:244,3
DA:245,6
DA:247,8
DA:248,12
DA:250,3
DA:256,3
DA:257,3
DA:259,9
DA:261,3
DA:262,3
DA:266,3
DA:267,3
DA:268,10
DA:278,1
DA:279,1
DA:281,1
DA:282,1
DA:283,1
DA:292,3
DA:293,3
DA:294,3
DA:296,12
DA:297,18
DA:298,15
DA:301,3
DA:303,3
DA:304,3
DA:305,3
DA:308,3
DA:309,3
DA:314,3
DA:319,3
DA:320,3
DA:323,3
DA:324,3
DA:325,3
DA:326,12
DA:327,9
DA:330,3
DA:332,3
DA:333,3
DA:341,3
DA:342,3
DA:345,3
DA:346,3
DA:347,3
DA:348,12
DA:351,3
DA:353,3
DA:354,3
DA:363,3
DA:364,3
DA:365,3
DA:369,12
DA:371,3
DA:373,6
DA:375,12
DA:379,3
DA:381,6
DA:382,3
DA:383,3
DA:384,3
DA:388,3
DA:389,3
DA:390,0
DA:391,0
DA:392,0
DA:393,0
DA:395,0
DA:396,0
DA:399,0
DA:402,12
DA:403,6
DA:409,3
DA:410,12
DA:411,6
DA:412,3
DA:413,3
DA:415,3
DA:433,6
DA:434,6
DA:436,0
DA:439,3
DA:440,6
DA:441,3
DA:442,0
DA:447,3
DA:448,3
DA:449,6
DA:450,3
DA:452,3
DA:453,3
DA:454,3
DA:455,3
DA:456,6
DA:457,3
DA:458,6
DA:461,3
DA:462,3
DA:463,6
DA:464,3
DA:465,6
DA:473,3
DA:479,3
DA:480,3
DA:481,3
DA:482,3
DA:484,3
DA:485,3
DA:488,3
DA:494,3
DA:495,3
DA:497,3
DA:498,3
DA:501,3
DA:513,3
DA:514,3
DA:516,3
DA:517,3
DA:518,6
DA:519,6
DA:520,6
DA:523,6
DA:525,3
DA:527,3
DA:528,3
DA:529,3
DA:535,3
DA:536,3
DA:537,3
DA:538,3
DA:539,3
DA:540,12
DA:542,12
DA:543,3
DA:544,1
DA:545,2
DA:546,2
DA:547,0
DA:549,4
DA:556,3
DA:557,3
DA:558,3
DA:559,15
DA:562,3
DA:563,0
DA:564,0
DA:565,0
DA:566,0
DA:568,0
DA:579,3
DA:584,3
DA:585,12
DA:589,3
DA:590,3
DA:591,6
DA:592,6
DA:593,6
DA:594,6
DA:596,3
DA:597,3
DA:598,6
DA:599,6
DA:600,6
DA:601,6
DA:605,0
DA:606,0
DA:611,3
DA:612,3
DA:615,3
DA:616,3
DA:619,15
DA:620,3
DA:622,12
DA:631,3
DA:633,3
DA:635,9
DA:636,3
DA:637,6
DA:638,6
DA:639,3
DA:641,12
DA:642,12
DA:643,6
DA:645,9
DA:647,0
DA:650,9
DA:652,0
DA:656,3
DA:657,3
DA:660,6
DA:661,0
DA:662,3
DA:663,3
DA:664,3
DA:665,3
DA:671,3
DA:672,3
DA:674,3
DA:676,3
DA:677,12
DA:679,12
DA:683,3
DA:685,3
DA:686,3
DA:688,3
DA:689,3
DA:692,6
DA:693,2
DA:698,3
DA:703,3
DA:704,3
DA:705,3
DA:709,3
DA:712,6
DA:713,6
DA:715,3
DA:716,6
DA:723,3
DA:724,3
DA:725,3
DA:729,3
DA:732,3
DA:733,3
DA:734,9
DA:737,3
DA:739,3
DA:740,6
DA:749,3
DA:751,3
DA:753,0
DA:754,0
DA:755,0
DA:757,0
DA:758,0
DA:759,0
DA:760,0
DA:762,0
DA:763,0
DA:764,0
DA:765,0
DA:769,3
DA:770,0
DA:771,0
DA:772,0
DA:773,0
DA:774,0
DA:775,0
DA:776,0
DA:777,0
DA:778,0
DA:779,0
DA:780,0
DA:781,0
DA:785,0
DA:786,0
DA:787,0
DA:801,3
DA:802,3
DA:803,6
DA:804,6
DA:805,15
DA:811,3
DA:817,3
DA:818,3
DA:820,3
DA:826,12
DA:827,3
DA:830,9
DA:831,9
DA:833,6
DA:834,6
DA:836,3
DA:837,3
DA:839,3
DA:842,3
DA:845,3
DA:852,3
DA:853,12
DA:855,0
DA:856,0
DA:857,0
DA:860,3
DA:861,3
DA:862,3
DA:864,6
DA:865,6
DA:867,0
DA:870,3
DA:871,3
DA:873,3
DA:874,3
DA:877,3
DA:879,3
DA:883,3
DA:893,3
DA:909,3
DA:911,3
DA:912,3
DA:913,9
DA:916,2
DA:917,2
DA:919,4
DA:920,2
DA:921,2
DA:922,2
DA:925,2
DA:927,3
DA:928,3
DA:929,6
DA:931,9
DA:933,3
DA:934,12
DA:935,3
DA:936,3
DA:945,2
DA:955,2
DA:957,2
DA:958,2
DA:960,2
DA:962,2
DA:965,2
DA:967,2
DA:971,2
DA:972,2
DA:974,4
DA:975,2
DA:976,4
DA:977,6
DA:978,2
DA:979,6
DA:982,2
DA:992,2
DA:993,18
LF:437
LH:382
end_of_record
SF:lib/presentation/screens/profile/goals_screen.dart
DA:10,3
DA:19,2
DA:20,2
DA:27,2
DA:29,2
DA:30,2
DA:31,10
DA:32,12
DA:33,6
DA:36,2
DA:38,10
DA:40,2
DA:42,4
DA:43,4
DA:44,2
DA:47,2
DA:48,2
DA:49,3
DA:50,3
DA:52,12
DA:53,12
DA:55,6
DA:58,2
DA:59,4
DA:60,2
DA:61,2
DA:62,3
DA:63,1
DA:68,1
DA:69,2
DA:70,1
DA:71,1
DA:75,2
DA:77,2
DA:78,6
DA:80,2
DA:82,2
DA:84,2
DA:85,4
DA:86,6
DA:90,4
DA:91,6
DA:93,2
DA:94,2
DA:95,6
DA:96,2
DA:97,4
DA:98,6
DA:100,2
DA:101,1
DA:102,2
DA:103,4
DA:105,1
DA:110,4
DA:113,2
DA:114,2
DA:115,4
DA:119,2
DA:120,4
DA:124,2
DA:125,2
DA:126,2
DA:127,2
DA:128,2
DA:129,1
DA:132,4
DA:134,2
DA:135,2
LF:68
LH:68
end_of_record
SF:lib/presentation/screens/profile/welcome_screen.dart
DA:6,3
DA:16,2
DA:18,2
DA:20,2
DA:21,2
DA:22,2
DA:23,1
DA:24,1
DA:25,1
DA:26,1
DA:28,0
DA:31,2
DA:33,2
DA:35,2
DA:36,2
DA:37,2
DA:38,8
DA:43,2
DA:45,6
DA:49,2
DA:50,2
DA:52,4
LF:22
LH:21
end_of_record
SF:lib/presentation/screens/profile/advanced_measures_2_screen.dart
DA:6,3
DA:15,2
DA:17,2
DA:25,2
DA:27,2
DA:28,2
DA:29,10
DA:30,2
DA:31,10
DA:32,2
DA:33,10
DA:36,2
DA:38,2
DA:40,4
DA:41,4
DA:42,4
DA:43,2
DA:46,1
DA:47,6
DA:48,6
DA:49,6
DA:50,3
DA:53,2
DA:55,2
DA:57,2
DA:59,2
DA:61,2
DA:62,4
DA:63,6
DA:65,2
DA:66,2
DA:67,2
DA:68,2
DA:70,2
DA:73,2
DA:74,2
DA:76,4
DA:78,0
DA:81,2
DA:82,2
DA:84,4
DA:86,0
LF:42
LH:40
end_of_record
SF:lib/presentation/screens/profile/advanced_measures_1_screen.dart
DA:6,3
DA:15,2
DA:17,2
DA:25,2
DA:27,2
DA:28,12
DA:29,2
DA:30,10
DA:31,2
DA:32,10
DA:35,2
DA:37,2
DA:39,4
DA:40,4
DA:41,4
DA:42,2
DA:45,1
DA:46,6
DA:47,6
DA:48,6
DA:49,3
DA:52,2
DA:54,2
DA:56,2
DA:58,2
DA:60,2
DA:61,4
DA:62,6
DA:64,2
DA:65,2
DA:67,4
DA:69,2
DA:72,2
DA:73,2
DA:74,2
DA:75,2
DA:77,0
DA:80,2
DA:81,2
DA:82,2
DA:83,2
DA:85,0
LF:42
LH:40
end_of_record
SF:lib/data/datasources/profile_datasource.dart
DA:9,4
DA:16,4
DA:18,12
DA:20,2
DA:22,4
DA:24,2
DA:27,4
DA:28,8
DA:30,3
DA:32,6
DA:33,3
LF:11
LH:11
end_of_record
SF:lib/presentation/screens/get_profile_flow.dart
DA:24,2
DA:49,2
DA:50,2
DA:61,2
DA:63,4
DA:64,2
DA:67,4
DA:69,1
DA:70,3
DA:71,2
DA:78,0
DA:79,0
DA:80,0
DA:87,2
DA:88,4
DA:89,4
DA:90,4
DA:91,4
DA:92,4
DA:93,2
DA:96,2
DA:97,3
DA:100,3
DA:103,2
DA:107,1
DA:108,2
DA:112,1
DA:114,2
DA:115,2
DA:116,3
DA:119,1
DA:123,1
DA:124,1
DA:125,2
DA:126,2
DA:127,2
DA:128,2
DA:129,2
DA:130,2
DA:131,2
DA:132,2
DA:133,2
DA:134,2
DA:135,2
DA:136,2
DA:137,2
DA:138,2
DA:141,3
DA:142,3
DA:144,1
DA:146,3
DA:147,1
DA:148,2
DA:149,2
DA:150,2
DA:151,2
DA:152,2
DA:153,2
DA:154,2
DA:155,2
DA:156,2
DA:157,2
DA:158,2
DA:164,2
DA:166,2
DA:168,2
DA:169,2
DA:170,4
DA:171,6
DA:174,2
DA:175,2
DA:176,4
DA:180,2
DA:181,2
DA:183,2
DA:184,6
DA:187,2
DA:188,2
DA:189,2
DA:190,2
DA:192,2
DA:193,2
DA:194,2
DA:195,3
DA:197,2
DA:198,2
DA:199,0
DA:201,2
DA:202,2
DA:203,0
DA:205,2
DA:206,2
DA:207,3
DA:209,2
DA:210,4
DA:211,2
DA:217,6
DA:218,2
DA:219,2
DA:222,2
DA:224,2
DA:226,4
DA:227,1
DA:228,1
DA:229,2
DA:232,2
DA:234,8
DA:235,1
DA:236,1
DA:237,2
DA:240,2
DA:241,3
DA:242,4
DA:253,2
DA:254,2
DA:255,2
DA:256,2
DA:257,1
DA:258,1
DA:260,1
DA:261,1
LF:121
LH:116
end_of_record
SF:lib/presentation/screens/profile/basic_info_screen.dart
DA:7,3
DA:16,3
DA:17,3
DA:27,3
DA:29,3
DA:30,18
DA:31,18
DA:34,3
DA:36,3
DA:38,6
DA:39,6
DA:40,3
DA:43,2
DA:44,6
DA:45,6
DA:46,6
DA:47,6
DA:48,6
DA:53,1
DA:54,1
DA:55,3
DA:56,0
DA:57,0
DA:58,1
DA:60,1
DA:61,1
DA:63,1
DA:65,2
DA:70,8
DA:71,3
DA:72,3
DA:73,2
DA:77,1
DA:78,1
DA:79,2
DA:80,4
DA:85,2
DA:86,4
DA:87,2
DA:88,2
DA:89,4
DA:90,0
DA:95,1
DA:96,2
DA:97,1
DA:98,1
DA:99,2
DA:100,0
DA:107,3
DA:109,3
DA:110,3
DA:111,3
DA:112,3
DA:113,3
DA:114,3
DA:115,3
DA:116,3
DA:122,3
DA:124,3
DA:125,3
DA:126,3
DA:127,3
DA:135,3
DA:137,3
DA:138,9
DA:139,9
DA:140,9
DA:142,3
DA:144,3
DA:146,3
DA:147,6
DA:148,9
DA:152,6
DA:153,9
DA:155,3
DA:156,3
DA:157,3
DA:158,3
DA:159,3
DA:160,3
DA:164,3
DA:166,1
DA:167,3
DA:168,3
DA:177,6
DA:178,9
DA:180,3
DA:182,6
DA:183,3
DA:184,3
DA:185,6
DA:187,2
DA:188,6
DA:189,6
DA:190,4
DA:193,3
DA:198,3
DA:199,3
DA:200,6
DA:203,3
DA:204,4
DA:209,3
DA:210,3
DA:211,6
DA:214,3
DA:215,2
DA:220,6
DA:221,9
DA:223,3
DA:225,6
DA:226,3
DA:227,3
DA:228,6
DA:230,2
DA:231,6
DA:232,6
DA:233,4
DA:236,3
LF:118
LH:114
end_of_record
SF:lib/presentation/screens/loading_screen.dart
DA:22,2
DA:47,2
DA:48,2
DA:52,2
DA:54,2
DA:55,2
DA:58,2
DA:59,2
DA:60,2
DA:63,4
DA:65,2
DA:73,2
DA:74,1
DA:80,1
DA:83,1
DA:86,4
DA:87,1
DA:91,1
DA:92,3
DA:93,1
DA:94,2
DA:95,2
DA:96,2
DA:97,1
DA:98,2
DA:99,1
DA:100,2
DA:101,2
DA:102,2
DA:103,2
DA:104,2
DA:105,2
DA:106,2
DA:107,2
DA:108,2
DA:109,2
DA:110,2
DA:120,4
DA:121,2
DA:122,4
DA:123,4
DA:124,4
DA:125,4
DA:126,4
DA:127,4
DA:128,4
DA:129,4
DA:130,4
DA:131,4
DA:132,4
DA:135,2
DA:137,2
DA:139,2
DA:140,2
DA:142,2
DA:144,2
DA:149,4
DA:151,2
DA:152,2
DA:153,2
DA:174,2
DA:188,2
DA:189,2
DA:190,2
DA:193,1
DA:205,2
DA:218,2
DA:219,2
DA:220,4
DA:228,1
DA:252,1
DA:253,1
DA:257,1
DA:259,1
DA:260,1
DA:261,1
DA:262,2
DA:263,2
DA:264,2
DA:265,2
DA:266,2
DA:267,2
DA:268,2
DA:269,2
DA:270,2
DA:271,2
DA:272,2
DA:276,1
LF:88
LH:88
end_of_record
SF:lib/presentation/screens/routine/muscle_group_selection_screen.dart
DA:21,1
DA:38,1
DA:40,1
DA:47,1
DA:49,1
DA:50,4
DA:53,1
DA:55,1
DA:56,2
DA:57,1
DA:59,1
DA:60,1
DA:61,2
DA:62,3
DA:63,3
DA:65,1
DA:67,2
DA:70,1
DA:71,1
DA:73,1
DA:74,5
DA:77,1
DA:79,1
DA:81,1
DA:82,1
DA:83,3
DA:88,1
DA:89,1
DA:91,1
DA:94,2
DA:95,2
DA:96,1
DA:97,1
DA:98,1
DA:102,2
DA:106,1
DA:110,1
DA:111,2
DA:113,2
DA:115,0
DA:120,1
DA:124,1
DA:125,1
DA:127,1
DA:130,1
DA:131,2
DA:132,0
DA:134,2
LF:48
LH:46
end_of_record
SF:lib/data/datasources/synced_storage_datasource.dart
DA:13,1
DA:24,1
DA:25,1
DA:28,1
DA:29,1
DA:30,1
DA:31,1
DA:32,2
DA:33,1
DA:34,1
DA:39,1
DA:40,2
DA:42,1
DA:44,2
DA:45,1
DA:48,1
DA:50,2
DA:51,1
DA:56,1
DA:57,1
DA:59,3
DA:60,0
DA:64,1
DA:65,1
DA:67,2
DA:68,0
DA:72,1
DA:76,1
DA:78,1
DA:79,1
DA:80,2
DA:81,1
DA:82,1
DA:83,1
DA:84,2
DA:85,2
DA:86,1
DA:87,3
DA:90,4
DA:92,0
DA:96,1
DA:98,1
DA:99,2
DA:100,2
DA:102,1
LF:45
LH:42
end_of_record
SF:lib/data/datasources/routine_datasource.dart
DA:7,1
DA:12,1
DA:14,2
DA:15,1
DA:16,1
DA:19,1
DA:21,3
LF:7
LH:7
end_of_record
SF:lib/data/datasources/hiit_session_datasource.dart
DA:7,1
DA:12,1
DA:14,2
DA:15,2
DA:16,1
DA:19,1
DA:21,3
LF:7
LH:7
end_of_record
SF:lib/data/datasources/mobility_session_datasource.dart
DA:7,1
DA:12,1
DA:14,2
DA:15,2
DA:16,1
DA:19,1
DA:21,3
LF:7
LH:7
end_of_record
SF:lib/data/datasources/workout_session_datasource.dart
DA:7,1
DA:12,1
DA:14,2
DA:15,2
DA:16,1
DA:19,1
DA:21,3
LF:7
LH:7
end_of_record
SF:lib/data/datasources/training_day_datasource.dart
DA:7,1
DA:12,1
DA:14,2
DA:15,1
DA:16,1
DA:19,1
DA:21,3
LF:7
LH:7
end_of_record
